[ERROR][00:25]: Error generating cover letter: 401 Incorrect API key provided: sk-proj-********************************************7I4E. You can find your API key at https://platform.openai.com/account/api-keys.
[ERROR][00:28]: Error generating cover letter: 401 Incorrect API key provided: sk-proj-********************************************7I4E. You can find your API key at https://platform.openai.com/account/api-keys.
[INFO][00:29]: Server is running on port 3001
[INFO][00:29]: MongoDB connected successfully
[INFO][00:29]: Server is running on port 3001
[INFO][00:29]: MongoDB connected successfully
[INFO][04:12]: Server is running on port 3001
[INFO][04:12]: MongoDB connected successfully
[INFO][04:13]: Server is running on port 3001
[INFO][04:13]: MongoDB connected successfully
[INFO][04:13]: Server is running on port 3001
[INFO][04:13]: MongoDB connected successfully
[INFO][04:16]: Server is running on port 3001
[INFO][04:16]: MongoDB connected successfully
[INFO][04:16]: Server is running on port 3001
[INFO][04:16]: MongoDB connected successfully
[INFO][04:16]: Server is running on port 3001
[INFO][04:16]: MongoDB connected successfully
[INFO][04:16]: Server is running on port 3001
[INFO][04:16]: MongoDB connected successfully
[INFO][04:16]: Server is running on port 3001
[INFO][04:16]: MongoDB connected successfully
[INFO][04:16]: Server is running on port 3001
[INFO][04:16]: MongoDB connected successfully
[ERROR][04:17]: Error: Test Error
    at /Users/reedvogt/Desktop/cover-letter-generator/src/tests/errorHandler.test.js:10:13
    at Layer.handle [as handle_request] (/Users/reedvogt/Desktop/cover-letter-generator/node_modules/express/lib/router/layer.js:95:5)
    at trim_prefix (/Users/reedvogt/Desktop/cover-letter-generator/node_modules/express/lib/router/index.js:328:13)
    at /Users/reedvogt/Desktop/cover-letter-generator/node_modules/express/lib/router/index.js:286:9
    at Function.process_params (/Users/reedvogt/Desktop/cover-letter-generator/node_modules/express/lib/router/index.js:346:12)
    at next (/Users/reedvogt/Desktop/cover-letter-generator/node_modules/express/lib/router/index.js:280:10)
    at expressInit (/Users/reedvogt/Desktop/cover-letter-generator/node_modules/express/lib/middleware/init.js:40:5)
    at Layer.handle [as handle_request] (/Users/reedvogt/Desktop/cover-letter-generator/node_modules/express/lib/router/layer.js:95:5)
    at trim_prefix (/Users/reedvogt/Desktop/cover-letter-generator/node_modules/express/lib/router/index.js:328:13)
    at /Users/reedvogt/Desktop/cover-letter-generator/node_modules/express/lib/router/index.js:286:9
    at Function.process_params (/Users/reedvogt/Desktop/cover-letter-generator/node_modules/express/lib/router/index.js:346:12)
    at next (/Users/reedvogt/Desktop/cover-letter-generator/node_modules/express/lib/router/index.js:280:10)
    at query (/Users/reedvogt/Desktop/cover-letter-generator/node_modules/express/lib/middleware/query.js:45:5)
    at Layer.handle [as handle_request] (/Users/reedvogt/Desktop/cover-letter-generator/node_modules/express/lib/router/layer.js:95:5)
    at trim_prefix (/Users/reedvogt/Desktop/cover-letter-generator/node_modules/express/lib/router/index.js:328:13)
    at /Users/reedvogt/Desktop/cover-letter-generator/node_modules/express/lib/router/index.js:286:9
    at Function.process_params (/Users/reedvogt/Desktop/cover-letter-generator/node_modules/express/lib/router/index.js:346:12)
    at next (/Users/reedvogt/Desktop/cover-letter-generator/node_modules/express/lib/router/index.js:280:10)
    at Function.handle (/Users/reedvogt/Desktop/cover-letter-generator/node_modules/express/lib/router/index.js:175:3)
    at Function.handle (/Users/reedvogt/Desktop/cover-letter-generator/node_modules/express/lib/application.js:181:10)
    at Server.app (/Users/reedvogt/Desktop/cover-letter-generator/node_modules/express/lib/express.js:39:9)
    at Server.emit (node:events:514:28)
    at parserOnIncoming (node:_http_server:1107:12)
    at HTTPParser.parserOnHeadersComplete (node:_http_common:119:17)
[INFO][04:17]: Server is running on port 3001
[ERROR][04:17]: Error: Test Error
    at /Users/reedvogt/Desktop/cover-letter-generator/src/tests/errorHandler.test.js:10:13
    at Layer.handle [as handle_request] (/Users/reedvogt/Desktop/cover-letter-generator/node_modules/express/lib/router/layer.js:95:5)
    at trim_prefix (/Users/reedvogt/Desktop/cover-letter-generator/node_modules/express/lib/router/index.js:328:13)
    at /Users/reedvogt/Desktop/cover-letter-generator/node_modules/express/lib/router/index.js:286:9
    at Function.process_params (/Users/reedvogt/Desktop/cover-letter-generator/node_modules/express/lib/router/index.js:346:12)
    at next (/Users/reedvogt/Desktop/cover-letter-generator/node_modules/express/lib/router/index.js:280:10)
    at expressInit (/Users/reedvogt/Desktop/cover-letter-generator/node_modules/express/lib/middleware/init.js:40:5)
    at Layer.handle [as handle_request] (/Users/reedvogt/Desktop/cover-letter-generator/node_modules/express/lib/router/layer.js:95:5)
    at trim_prefix (/Users/reedvogt/Desktop/cover-letter-generator/node_modules/express/lib/router/index.js:328:13)
    at /Users/reedvogt/Desktop/cover-letter-generator/node_modules/express/lib/router/index.js:286:9
    at Function.process_params (/Users/reedvogt/Desktop/cover-letter-generator/node_modules/express/lib/router/index.js:346:12)
    at next (/Users/reedvogt/Desktop/cover-letter-generator/node_modules/express/lib/router/index.js:280:10)
    at query (/Users/reedvogt/Desktop/cover-letter-generator/node_modules/express/lib/middleware/query.js:45:5)
    at Layer.handle [as handle_request] (/Users/reedvogt/Desktop/cover-letter-generator/node_modules/express/lib/router/layer.js:95:5)
    at trim_prefix (/Users/reedvogt/Desktop/cover-letter-generator/node_modules/express/lib/router/index.js:328:13)
    at /Users/reedvogt/Desktop/cover-letter-generator/node_modules/express/lib/router/index.js:286:9
    at Function.process_params (/Users/reedvogt/Desktop/cover-letter-generator/node_modules/express/lib/router/index.js:346:12)
    at next (/Users/reedvogt/Desktop/cover-letter-generator/node_modules/express/lib/router/index.js:280:10)
    at Function.handle (/Users/reedvogt/Desktop/cover-letter-generator/node_modules/express/lib/router/index.js:175:3)
    at Function.handle (/Users/reedvogt/Desktop/cover-letter-generator/node_modules/express/lib/application.js:181:10)
    at Server.app (/Users/reedvogt/Desktop/cover-letter-generator/node_modules/express/lib/express.js:39:9)
    at Server.emit (node:events:514:28)
    at parserOnIncoming (node:_http_server:1107:12)
    at HTTPParser.parserOnHeadersComplete (node:_http_common:119:17)
[ERROR][04:19]: Error: Test Error
    at /Users/reedvogt/Desktop/cover-letter-generator/src/tests/errorHandler.test.js:10:13
    at Layer.handle [as handle_request] (/Users/reedvogt/Desktop/cover-letter-generator/node_modules/express/lib/router/layer.js:95:5)
    at trim_prefix (/Users/reedvogt/Desktop/cover-letter-generator/node_modules/express/lib/router/index.js:328:13)
    at /Users/reedvogt/Desktop/cover-letter-generator/node_modules/express/lib/router/index.js:286:9
    at Function.process_params (/Users/reedvogt/Desktop/cover-letter-generator/node_modules/express/lib/router/index.js:346:12)
    at next (/Users/reedvogt/Desktop/cover-letter-generator/node_modules/express/lib/router/index.js:280:10)
    at expressInit (/Users/reedvogt/Desktop/cover-letter-generator/node_modules/express/lib/middleware/init.js:40:5)
    at Layer.handle [as handle_request] (/Users/reedvogt/Desktop/cover-letter-generator/node_modules/express/lib/router/layer.js:95:5)
    at trim_prefix (/Users/reedvogt/Desktop/cover-letter-generator/node_modules/express/lib/router/index.js:328:13)
    at /Users/reedvogt/Desktop/cover-letter-generator/node_modules/express/lib/router/index.js:286:9
    at Function.process_params (/Users/reedvogt/Desktop/cover-letter-generator/node_modules/express/lib/router/index.js:346:12)
    at next (/Users/reedvogt/Desktop/cover-letter-generator/node_modules/express/lib/router/index.js:280:10)
    at query (/Users/reedvogt/Desktop/cover-letter-generator/node_modules/express/lib/middleware/query.js:45:5)
    at Layer.handle [as handle_request] (/Users/reedvogt/Desktop/cover-letter-generator/node_modules/express/lib/router/layer.js:95:5)
    at trim_prefix (/Users/reedvogt/Desktop/cover-letter-generator/node_modules/express/lib/router/index.js:328:13)
    at /Users/reedvogt/Desktop/cover-letter-generator/node_modules/express/lib/router/index.js:286:9
    at Function.process_params (/Users/reedvogt/Desktop/cover-letter-generator/node_modules/express/lib/router/index.js:346:12)
    at next (/Users/reedvogt/Desktop/cover-letter-generator/node_modules/express/lib/router/index.js:280:10)
    at Function.handle (/Users/reedvogt/Desktop/cover-letter-generator/node_modules/express/lib/router/index.js:175:3)
    at Function.handle (/Users/reedvogt/Desktop/cover-letter-generator/node_modules/express/lib/application.js:181:10)
    at Server.app (/Users/reedvogt/Desktop/cover-letter-generator/node_modules/express/lib/express.js:39:9)
    at Server.emit (node:events:514:28)
    at parserOnIncoming (node:_http_server:1107:12)
    at HTTPParser.parserOnHeadersComplete (node:_http_common:119:17)
[ERROR][04:22]: Error: Test Error
    at /Users/reedvogt/Desktop/cover-letter-generator/src/tests/errorHandler.test.js:10:13
    at Layer.handle [as handle_request] (/Users/reedvogt/Desktop/cover-letter-generator/node_modules/express/lib/router/layer.js:95:5)
    at trim_prefix (/Users/reedvogt/Desktop/cover-letter-generator/node_modules/express/lib/router/index.js:328:13)
    at /Users/reedvogt/Desktop/cover-letter-generator/node_modules/express/lib/router/index.js:286:9
    at Function.process_params (/Users/reedvogt/Desktop/cover-letter-generator/node_modules/express/lib/router/index.js:346:12)
    at next (/Users/reedvogt/Desktop/cover-letter-generator/node_modules/express/lib/router/index.js:280:10)
    at expressInit (/Users/reedvogt/Desktop/cover-letter-generator/node_modules/express/lib/middleware/init.js:40:5)
    at Layer.handle [as handle_request] (/Users/reedvogt/Desktop/cover-letter-generator/node_modules/express/lib/router/layer.js:95:5)
    at trim_prefix (/Users/reedvogt/Desktop/cover-letter-generator/node_modules/express/lib/router/index.js:328:13)
    at /Users/reedvogt/Desktop/cover-letter-generator/node_modules/express/lib/router/index.js:286:9
    at Function.process_params (/Users/reedvogt/Desktop/cover-letter-generator/node_modules/express/lib/router/index.js:346:12)
    at next (/Users/reedvogt/Desktop/cover-letter-generator/node_modules/express/lib/router/index.js:280:10)
    at query (/Users/reedvogt/Desktop/cover-letter-generator/node_modules/express/lib/middleware/query.js:45:5)
    at Layer.handle [as handle_request] (/Users/reedvogt/Desktop/cover-letter-generator/node_modules/express/lib/router/layer.js:95:5)
    at trim_prefix (/Users/reedvogt/Desktop/cover-letter-generator/node_modules/express/lib/router/index.js:328:13)
    at /Users/reedvogt/Desktop/cover-letter-generator/node_modules/express/lib/router/index.js:286:9
    at Function.process_params (/Users/reedvogt/Desktop/cover-letter-generator/node_modules/express/lib/router/index.js:346:12)
    at next (/Users/reedvogt/Desktop/cover-letter-generator/node_modules/express/lib/router/index.js:280:10)
    at Function.handle (/Users/reedvogt/Desktop/cover-letter-generator/node_modules/express/lib/router/index.js:175:3)
    at Function.handle (/Users/reedvogt/Desktop/cover-letter-generator/node_modules/express/lib/application.js:181:10)
    at Server.app (/Users/reedvogt/Desktop/cover-letter-generator/node_modules/express/lib/express.js:39:9)
    at Server.emit (node:events:514:28)
    at parserOnIncoming (node:_http_server:1107:12)
    at HTTPParser.parserOnHeadersComplete (node:_http_common:119:17)
[ERROR][04:22]: Error: Test Error
    at /Users/reedvogt/Desktop/cover-letter-generator/src/tests/errorHandler.test.js:10:13
    at Layer.handle [as handle_request] (/Users/reedvogt/Desktop/cover-letter-generator/node_modules/express/lib/router/layer.js:95:5)
    at trim_prefix (/Users/reedvogt/Desktop/cover-letter-generator/node_modules/express/lib/router/index.js:328:13)
    at /Users/reedvogt/Desktop/cover-letter-generator/node_modules/express/lib/router/index.js:286:9
    at Function.process_params (/Users/reedvogt/Desktop/cover-letter-generator/node_modules/express/lib/router/index.js:346:12)
    at next (/Users/reedvogt/Desktop/cover-letter-generator/node_modules/express/lib/router/index.js:280:10)
    at expressInit (/Users/reedvogt/Desktop/cover-letter-generator/node_modules/express/lib/middleware/init.js:40:5)
    at Layer.handle [as handle_request] (/Users/reedvogt/Desktop/cover-letter-generator/node_modules/express/lib/router/layer.js:95:5)
    at trim_prefix (/Users/reedvogt/Desktop/cover-letter-generator/node_modules/express/lib/router/index.js:328:13)
    at /Users/reedvogt/Desktop/cover-letter-generator/node_modules/express/lib/router/index.js:286:9
    at Function.process_params (/Users/reedvogt/Desktop/cover-letter-generator/node_modules/express/lib/router/index.js:346:12)
    at next (/Users/reedvogt/Desktop/cover-letter-generator/node_modules/express/lib/router/index.js:280:10)
    at query (/Users/reedvogt/Desktop/cover-letter-generator/node_modules/express/lib/middleware/query.js:45:5)
    at Layer.handle [as handle_request] (/Users/reedvogt/Desktop/cover-letter-generator/node_modules/express/lib/router/layer.js:95:5)
    at trim_prefix (/Users/reedvogt/Desktop/cover-letter-generator/node_modules/express/lib/router/index.js:328:13)
    at /Users/reedvogt/Desktop/cover-letter-generator/node_modules/express/lib/router/index.js:286:9
    at Function.process_params (/Users/reedvogt/Desktop/cover-letter-generator/node_modules/express/lib/router/index.js:346:12)
    at next (/Users/reedvogt/Desktop/cover-letter-generator/node_modules/express/lib/router/index.js:280:10)
    at Function.handle (/Users/reedvogt/Desktop/cover-letter-generator/node_modules/express/lib/router/index.js:175:3)
    at Function.handle (/Users/reedvogt/Desktop/cover-letter-generator/node_modules/express/lib/application.js:181:10)
    at Server.app (/Users/reedvogt/Desktop/cover-letter-generator/node_modules/express/lib/express.js:39:9)
    at Server.emit (node:events:514:28)
    at parserOnIncoming (node:_http_server:1107:12)
    at HTTPParser.parserOnHeadersComplete (node:_http_common:119:17)
[ERROR][04:25]: Error: Test Error
    at /Users/reedvogt/Desktop/cover-letter-generator/src/tests/errorHandler.test.js:10:13
    at Layer.handle [as handle_request] (/Users/reedvogt/Desktop/cover-letter-generator/node_modules/express/lib/router/layer.js:95:5)
    at trim_prefix (/Users/reedvogt/Desktop/cover-letter-generator/node_modules/express/lib/router/index.js:328:13)
    at /Users/reedvogt/Desktop/cover-letter-generator/node_modules/express/lib/router/index.js:286:9
    at Function.process_params (/Users/reedvogt/Desktop/cover-letter-generator/node_modules/express/lib/router/index.js:346:12)
    at next (/Users/reedvogt/Desktop/cover-letter-generator/node_modules/express/lib/router/index.js:280:10)
    at expressInit (/Users/reedvogt/Desktop/cover-letter-generator/node_modules/express/lib/middleware/init.js:40:5)
    at Layer.handle [as handle_request] (/Users/reedvogt/Desktop/cover-letter-generator/node_modules/express/lib/router/layer.js:95:5)
    at trim_prefix (/Users/reedvogt/Desktop/cover-letter-generator/node_modules/express/lib/router/index.js:328:13)
    at /Users/reedvogt/Desktop/cover-letter-generator/node_modules/express/lib/router/index.js:286:9
    at Function.process_params (/Users/reedvogt/Desktop/cover-letter-generator/node_modules/express/lib/router/index.js:346:12)
    at next (/Users/reedvogt/Desktop/cover-letter-generator/node_modules/express/lib/router/index.js:280:10)
    at query (/Users/reedvogt/Desktop/cover-letter-generator/node_modules/express/lib/middleware/query.js:45:5)
    at Layer.handle [as handle_request] (/Users/reedvogt/Desktop/cover-letter-generator/node_modules/express/lib/router/layer.js:95:5)
    at trim_prefix (/Users/reedvogt/Desktop/cover-letter-generator/node_modules/express/lib/router/index.js:328:13)
    at /Users/reedvogt/Desktop/cover-letter-generator/node_modules/express/lib/router/index.js:286:9
    at Function.process_params (/Users/reedvogt/Desktop/cover-letter-generator/node_modules/express/lib/router/index.js:346:12)
    at next (/Users/reedvogt/Desktop/cover-letter-generator/node_modules/express/lib/router/index.js:280:10)
    at Function.handle (/Users/reedvogt/Desktop/cover-letter-generator/node_modules/express/lib/router/index.js:175:3)
    at Function.handle (/Users/reedvogt/Desktop/cover-letter-generator/node_modules/express/lib/application.js:181:10)
    at Server.app (/Users/reedvogt/Desktop/cover-letter-generator/node_modules/express/lib/express.js:39:9)
    at Server.emit (node:events:514:28)
    at parserOnIncoming (node:_http_server:1107:12)
    at HTTPParser.parserOnHeadersComplete (node:_http_common:119:17)
[ERROR][04:28]: Error: Test Error
    at /Users/reedvogt/Desktop/cover-letter-generator/src/tests/errorHandler.test.js:10:13
    at Layer.handle [as handle_request] (/Users/reedvogt/Desktop/cover-letter-generator/node_modules/express/lib/router/layer.js:95:5)
    at trim_prefix (/Users/reedvogt/Desktop/cover-letter-generator/node_modules/express/lib/router/index.js:328:13)
    at /Users/reedvogt/Desktop/cover-letter-generator/node_modules/express/lib/router/index.js:286:9
    at Function.process_params (/Users/reedvogt/Desktop/cover-letter-generator/node_modules/express/lib/router/index.js:346:12)
    at next (/Users/reedvogt/Desktop/cover-letter-generator/node_modules/express/lib/router/index.js:280:10)
    at expressInit (/Users/reedvogt/Desktop/cover-letter-generator/node_modules/express/lib/middleware/init.js:40:5)
    at Layer.handle [as handle_request] (/Users/reedvogt/Desktop/cover-letter-generator/node_modules/express/lib/router/layer.js:95:5)
    at trim_prefix (/Users/reedvogt/Desktop/cover-letter-generator/node_modules/express/lib/router/index.js:328:13)
    at /Users/reedvogt/Desktop/cover-letter-generator/node_modules/express/lib/router/index.js:286:9
    at Function.process_params (/Users/reedvogt/Desktop/cover-letter-generator/node_modules/express/lib/router/index.js:346:12)
    at next (/Users/reedvogt/Desktop/cover-letter-generator/node_modules/express/lib/router/index.js:280:10)
    at query (/Users/reedvogt/Desktop/cover-letter-generator/node_modules/express/lib/middleware/query.js:45:5)
    at Layer.handle [as handle_request] (/Users/reedvogt/Desktop/cover-letter-generator/node_modules/express/lib/router/layer.js:95:5)
    at trim_prefix (/Users/reedvogt/Desktop/cover-letter-generator/node_modules/express/lib/router/index.js:328:13)
    at /Users/reedvogt/Desktop/cover-letter-generator/node_modules/express/lib/router/index.js:286:9
    at Function.process_params (/Users/reedvogt/Desktop/cover-letter-generator/node_modules/express/lib/router/index.js:346:12)
    at next (/Users/reedvogt/Desktop/cover-letter-generator/node_modules/express/lib/router/index.js:280:10)
    at Function.handle (/Users/reedvogt/Desktop/cover-letter-generator/node_modules/express/lib/router/index.js:175:3)
    at Function.handle (/Users/reedvogt/Desktop/cover-letter-generator/node_modules/express/lib/application.js:181:10)
    at Server.app (/Users/reedvogt/Desktop/cover-letter-generator/node_modules/express/lib/express.js:39:9)
    at Server.emit (node:events:514:28)
    at parserOnIncoming (node:_http_server:1107:12)
    at HTTPParser.parserOnHeadersComplete (node:_http_common:119:17)
[ERROR][04:30]: Error: Test Error
    at /Users/reedvogt/Desktop/cover-letter-generator/src/tests/errorHandler.test.js:10:13
    at Layer.handle [as handle_request] (/Users/reedvogt/Desktop/cover-letter-generator/node_modules/express/lib/router/layer.js:95:5)
    at trim_prefix (/Users/reedvogt/Desktop/cover-letter-generator/node_modules/express/lib/router/index.js:328:13)
    at /Users/reedvogt/Desktop/cover-letter-generator/node_modules/express/lib/router/index.js:286:9
    at Function.process_params (/Users/reedvogt/Desktop/cover-letter-generator/node_modules/express/lib/router/index.js:346:12)
    at next (/Users/reedvogt/Desktop/cover-letter-generator/node_modules/express/lib/router/index.js:280:10)
    at expressInit (/Users/reedvogt/Desktop/cover-letter-generator/node_modules/express/lib/middleware/init.js:40:5)
    at Layer.handle [as handle_request] (/Users/reedvogt/Desktop/cover-letter-generator/node_modules/express/lib/router/layer.js:95:5)
    at trim_prefix (/Users/reedvogt/Desktop/cover-letter-generator/node_modules/express/lib/router/index.js:328:13)
    at /Users/reedvogt/Desktop/cover-letter-generator/node_modules/express/lib/router/index.js:286:9
    at Function.process_params (/Users/reedvogt/Desktop/cover-letter-generator/node_modules/express/lib/router/index.js:346:12)
    at next (/Users/reedvogt/Desktop/cover-letter-generator/node_modules/express/lib/router/index.js:280:10)
    at query (/Users/reedvogt/Desktop/cover-letter-generator/node_modules/express/lib/middleware/query.js:45:5)
    at Layer.handle [as handle_request] (/Users/reedvogt/Desktop/cover-letter-generator/node_modules/express/lib/router/layer.js:95:5)
    at trim_prefix (/Users/reedvogt/Desktop/cover-letter-generator/node_modules/express/lib/router/index.js:328:13)
    at /Users/reedvogt/Desktop/cover-letter-generator/node_modules/express/lib/router/index.js:286:9
    at Function.process_params (/Users/reedvogt/Desktop/cover-letter-generator/node_modules/express/lib/router/index.js:346:12)
    at next (/Users/reedvogt/Desktop/cover-letter-generator/node_modules/express/lib/router/index.js:280:10)
    at Function.handle (/Users/reedvogt/Desktop/cover-letter-generator/node_modules/express/lib/router/index.js:175:3)
    at Function.handle (/Users/reedvogt/Desktop/cover-letter-generator/node_modules/express/lib/application.js:181:10)
    at Server.app (/Users/reedvogt/Desktop/cover-letter-generator/node_modules/express/lib/express.js:39:9)
    at Server.emit (node:events:514:28)
    at parserOnIncoming (node:_http_server:1107:12)
    at HTTPParser.parserOnHeadersComplete (node:_http_common:119:17)
[ERROR][04:39]: Error: Test Error
    at /Users/reedvogt/Desktop/cover-letter-generator/src/tests/errorHandler.test.js:10:13
    at Layer.handle [as handle_request] (/Users/reedvogt/Desktop/cover-letter-generator/node_modules/express/lib/router/layer.js:95:5)
    at trim_prefix (/Users/reedvogt/Desktop/cover-letter-generator/node_modules/express/lib/router/index.js:328:13)
    at /Users/reedvogt/Desktop/cover-letter-generator/node_modules/express/lib/router/index.js:286:9
    at Function.process_params (/Users/reedvogt/Desktop/cover-letter-generator/node_modules/express/lib/router/index.js:346:12)
    at next (/Users/reedvogt/Desktop/cover-letter-generator/node_modules/express/lib/router/index.js:280:10)
    at expressInit (/Users/reedvogt/Desktop/cover-letter-generator/node_modules/express/lib/middleware/init.js:40:5)
    at Layer.handle [as handle_request] (/Users/reedvogt/Desktop/cover-letter-generator/node_modules/express/lib/router/layer.js:95:5)
    at trim_prefix (/Users/reedvogt/Desktop/cover-letter-generator/node_modules/express/lib/router/index.js:328:13)
    at /Users/reedvogt/Desktop/cover-letter-generator/node_modules/express/lib/router/index.js:286:9
    at Function.process_params (/Users/reedvogt/Desktop/cover-letter-generator/node_modules/express/lib/router/index.js:346:12)
    at next (/Users/reedvogt/Desktop/cover-letter-generator/node_modules/express/lib/router/index.js:280:10)
    at query (/Users/reedvogt/Desktop/cover-letter-generator/node_modules/express/lib/middleware/query.js:45:5)
    at Layer.handle [as handle_request] (/Users/reedvogt/Desktop/cover-letter-generator/node_modules/express/lib/router/layer.js:95:5)
    at trim_prefix (/Users/reedvogt/Desktop/cover-letter-generator/node_modules/express/lib/router/index.js:328:13)
    at /Users/reedvogt/Desktop/cover-letter-generator/node_modules/express/lib/router/index.js:286:9
    at Function.process_params (/Users/reedvogt/Desktop/cover-letter-generator/node_modules/express/lib/router/index.js:346:12)
    at next (/Users/reedvogt/Desktop/cover-letter-generator/node_modules/express/lib/router/index.js:280:10)
    at Function.handle (/Users/reedvogt/Desktop/cover-letter-generator/node_modules/express/lib/router/index.js:175:3)
    at Function.handle (/Users/reedvogt/Desktop/cover-letter-generator/node_modules/express/lib/application.js:181:10)
    at Server.app (/Users/reedvogt/Desktop/cover-letter-generator/node_modules/express/lib/express.js:39:9)
    at Server.emit (node:events:514:28)
    at parserOnIncoming (node:_http_server:1107:12)
    at HTTPParser.parserOnHeadersComplete (node:_http_common:119:17)
[ERROR][04:43]: Error: Test Error
    at /Users/reedvogt/Desktop/cover-letter-generator/src/tests/errorHandler.test.js:10:13
    at Layer.handle [as handle_request] (/Users/reedvogt/Desktop/cover-letter-generator/node_modules/express/lib/router/layer.js:95:5)
    at trim_prefix (/Users/reedvogt/Desktop/cover-letter-generator/node_modules/express/lib/router/index.js:328:13)
    at /Users/reedvogt/Desktop/cover-letter-generator/node_modules/express/lib/router/index.js:286:9
    at Function.process_params (/Users/reedvogt/Desktop/cover-letter-generator/node_modules/express/lib/router/index.js:346:12)
    at next (/Users/reedvogt/Desktop/cover-letter-generator/node_modules/express/lib/router/index.js:280:10)
    at expressInit (/Users/reedvogt/Desktop/cover-letter-generator/node_modules/express/lib/middleware/init.js:40:5)
    at Layer.handle [as handle_request] (/Users/reedvogt/Desktop/cover-letter-generator/node_modules/express/lib/router/layer.js:95:5)
    at trim_prefix (/Users/reedvogt/Desktop/cover-letter-generator/node_modules/express/lib/router/index.js:328:13)
    at /Users/reedvogt/Desktop/cover-letter-generator/node_modules/express/lib/router/index.js:286:9
    at Function.process_params (/Users/reedvogt/Desktop/cover-letter-generator/node_modules/express/lib/router/index.js:346:12)
    at next (/Users/reedvogt/Desktop/cover-letter-generator/node_modules/express/lib/router/index.js:280:10)
    at query (/Users/reedvogt/Desktop/cover-letter-generator/node_modules/express/lib/middleware/query.js:45:5)
    at Layer.handle [as handle_request] (/Users/reedvogt/Desktop/cover-letter-generator/node_modules/express/lib/router/layer.js:95:5)
    at trim_prefix (/Users/reedvogt/Desktop/cover-letter-generator/node_modules/express/lib/router/index.js:328:13)
    at /Users/reedvogt/Desktop/cover-letter-generator/node_modules/express/lib/router/index.js:286:9
    at Function.process_params (/Users/reedvogt/Desktop/cover-letter-generator/node_modules/express/lib/router/index.js:346:12)
    at next (/Users/reedvogt/Desktop/cover-letter-generator/node_modules/express/lib/router/index.js:280:10)
    at Function.handle (/Users/reedvogt/Desktop/cover-letter-generator/node_modules/express/lib/router/index.js:175:3)
    at Function.handle (/Users/reedvogt/Desktop/cover-letter-generator/node_modules/express/lib/application.js:181:10)
    at Server.app (/Users/reedvogt/Desktop/cover-letter-generator/node_modules/express/lib/express.js:39:9)
    at Server.emit (node:events:514:28)
    at parserOnIncoming (node:_http_server:1107:12)
    at HTTPParser.parserOnHeadersComplete (node:_http_common:119:17)
[ERROR][04:45]: Error: Test Error
    at /Users/reedvogt/Desktop/cover-letter-generator/src/tests/errorHandler.test.js:10:13
    at Layer.handle [as handle_request] (/Users/reedvogt/Desktop/cover-letter-generator/node_modules/express/lib/router/layer.js:95:5)
    at trim_prefix (/Users/reedvogt/Desktop/cover-letter-generator/node_modules/express/lib/router/index.js:328:13)
    at /Users/reedvogt/Desktop/cover-letter-generator/node_modules/express/lib/router/index.js:286:9
    at Function.process_params (/Users/reedvogt/Desktop/cover-letter-generator/node_modules/express/lib/router/index.js:346:12)
    at next (/Users/reedvogt/Desktop/cover-letter-generator/node_modules/express/lib/router/index.js:280:10)
    at expressInit (/Users/reedvogt/Desktop/cover-letter-generator/node_modules/express/lib/middleware/init.js:40:5)
    at Layer.handle [as handle_request] (/Users/reedvogt/Desktop/cover-letter-generator/node_modules/express/lib/router/layer.js:95:5)
    at trim_prefix (/Users/reedvogt/Desktop/cover-letter-generator/node_modules/express/lib/router/index.js:328:13)
    at /Users/reedvogt/Desktop/cover-letter-generator/node_modules/express/lib/router/index.js:286:9
    at Function.process_params (/Users/reedvogt/Desktop/cover-letter-generator/node_modules/express/lib/router/index.js:346:12)
    at next (/Users/reedvogt/Desktop/cover-letter-generator/node_modules/express/lib/router/index.js:280:10)
    at query (/Users/reedvogt/Desktop/cover-letter-generator/node_modules/express/lib/middleware/query.js:45:5)
    at Layer.handle [as handle_request] (/Users/reedvogt/Desktop/cover-letter-generator/node_modules/express/lib/router/layer.js:95:5)
    at trim_prefix (/Users/reedvogt/Desktop/cover-letter-generator/node_modules/express/lib/router/index.js:328:13)
    at /Users/reedvogt/Desktop/cover-letter-generator/node_modules/express/lib/router/index.js:286:9
    at Function.process_params (/Users/reedvogt/Desktop/cover-letter-generator/node_modules/express/lib/router/index.js:346:12)
    at next (/Users/reedvogt/Desktop/cover-letter-generator/node_modules/express/lib/router/index.js:280:10)
    at Function.handle (/Users/reedvogt/Desktop/cover-letter-generator/node_modules/express/lib/router/index.js:175:3)
    at Function.handle (/Users/reedvogt/Desktop/cover-letter-generator/node_modules/express/lib/application.js:181:10)
    at Server.app (/Users/reedvogt/Desktop/cover-letter-generator/node_modules/express/lib/express.js:39:9)
    at Server.emit (node:events:514:28)
    at parserOnIncoming (node:_http_server:1107:12)
    at HTTPParser.parserOnHeadersComplete (node:_http_common:119:17)
[ERROR][04:47]: Error: Test Error
    at /Users/reedvogt/Desktop/cover-letter-generator/src/tests/errorHandler.test.js:10:13
    at Layer.handle [as handle_request] (/Users/reedvogt/Desktop/cover-letter-generator/node_modules/express/lib/router/layer.js:95:5)
    at trim_prefix (/Users/reedvogt/Desktop/cover-letter-generator/node_modules/express/lib/router/index.js:328:13)
    at /Users/reedvogt/Desktop/cover-letter-generator/node_modules/express/lib/router/index.js:286:9
    at Function.process_params (/Users/reedvogt/Desktop/cover-letter-generator/node_modules/express/lib/router/index.js:346:12)
    at next (/Users/reedvogt/Desktop/cover-letter-generator/node_modules/express/lib/router/index.js:280:10)
    at expressInit (/Users/reedvogt/Desktop/cover-letter-generator/node_modules/express/lib/middleware/init.js:40:5)
    at Layer.handle [as handle_request] (/Users/reedvogt/Desktop/cover-letter-generator/node_modules/express/lib/router/layer.js:95:5)
    at trim_prefix (/Users/reedvogt/Desktop/cover-letter-generator/node_modules/express/lib/router/index.js:328:13)
    at /Users/reedvogt/Desktop/cover-letter-generator/node_modules/express/lib/router/index.js:286:9
    at Function.process_params (/Users/reedvogt/Desktop/cover-letter-generator/node_modules/express/lib/router/index.js:346:12)
    at next (/Users/reedvogt/Desktop/cover-letter-generator/node_modules/express/lib/router/index.js:280:10)
    at query (/Users/reedvogt/Desktop/cover-letter-generator/node_modules/express/lib/middleware/query.js:45:5)
    at Layer.handle [as handle_request] (/Users/reedvogt/Desktop/cover-letter-generator/node_modules/express/lib/router/layer.js:95:5)
    at trim_prefix (/Users/reedvogt/Desktop/cover-letter-generator/node_modules/express/lib/router/index.js:328:13)
    at /Users/reedvogt/Desktop/cover-letter-generator/node_modules/express/lib/router/index.js:286:9
    at Function.process_params (/Users/reedvogt/Desktop/cover-letter-generator/node_modules/express/lib/router/index.js:346:12)
    at next (/Users/reedvogt/Desktop/cover-letter-generator/node_modules/express/lib/router/index.js:280:10)
    at Function.handle (/Users/reedvogt/Desktop/cover-letter-generator/node_modules/express/lib/router/index.js:175:3)
    at Function.handle (/Users/reedvogt/Desktop/cover-letter-generator/node_modules/express/lib/application.js:181:10)
    at Server.app (/Users/reedvogt/Desktop/cover-letter-generator/node_modules/express/lib/express.js:39:9)
    at Server.emit (node:events:514:28)
    at parserOnIncoming (node:_http_server:1107:12)
    at HTTPParser.parserOnHeadersComplete (node:_http_common:119:17)
[ERROR][04:48]: Error: Test Error
    at /Users/reedvogt/Desktop/cover-letter-generator/src/tests/errorHandler.test.js:10:13
    at Layer.handle [as handle_request] (/Users/reedvogt/Desktop/cover-letter-generator/node_modules/express/lib/router/layer.js:95:5)
    at trim_prefix (/Users/reedvogt/Desktop/cover-letter-generator/node_modules/express/lib/router/index.js:328:13)
    at /Users/reedvogt/Desktop/cover-letter-generator/node_modules/express/lib/router/index.js:286:9
    at Function.process_params (/Users/reedvogt/Desktop/cover-letter-generator/node_modules/express/lib/router/index.js:346:12)
    at next (/Users/reedvogt/Desktop/cover-letter-generator/node_modules/express/lib/router/index.js:280:10)
    at expressInit (/Users/reedvogt/Desktop/cover-letter-generator/node_modules/express/lib/middleware/init.js:40:5)
    at Layer.handle [as handle_request] (/Users/reedvogt/Desktop/cover-letter-generator/node_modules/express/lib/router/layer.js:95:5)
    at trim_prefix (/Users/reedvogt/Desktop/cover-letter-generator/node_modules/express/lib/router/index.js:328:13)
    at /Users/reedvogt/Desktop/cover-letter-generator/node_modules/express/lib/router/index.js:286:9
    at Function.process_params (/Users/reedvogt/Desktop/cover-letter-generator/node_modules/express/lib/router/index.js:346:12)
    at next (/Users/reedvogt/Desktop/cover-letter-generator/node_modules/express/lib/router/index.js:280:10)
    at query (/Users/reedvogt/Desktop/cover-letter-generator/node_modules/express/lib/middleware/query.js:45:5)
    at Layer.handle [as handle_request] (/Users/reedvogt/Desktop/cover-letter-generator/node_modules/express/lib/router/layer.js:95:5)
    at trim_prefix (/Users/reedvogt/Desktop/cover-letter-generator/node_modules/express/lib/router/index.js:328:13)
    at /Users/reedvogt/Desktop/cover-letter-generator/node_modules/express/lib/router/index.js:286:9
    at Function.process_params (/Users/reedvogt/Desktop/cover-letter-generator/node_modules/express/lib/router/index.js:346:12)
    at next (/Users/reedvogt/Desktop/cover-letter-generator/node_modules/express/lib/router/index.js:280:10)
    at Function.handle (/Users/reedvogt/Desktop/cover-letter-generator/node_modules/express/lib/router/index.js:175:3)
    at Function.handle (/Users/reedvogt/Desktop/cover-letter-generator/node_modules/express/lib/application.js:181:10)
    at Server.app (/Users/reedvogt/Desktop/cover-letter-generator/node_modules/express/lib/express.js:39:9)
    at Server.emit (node:events:514:28)
    at parserOnIncoming (node:_http_server:1107:12)
    at HTTPParser.parserOnHeadersComplete (node:_http_common:119:17)
[ERROR][04:49]: Error: Test Error
    at /Users/reedvogt/Desktop/cover-letter-generator/src/tests/errorHandler.test.js:10:13
    at Layer.handle [as handle_request] (/Users/reedvogt/Desktop/cover-letter-generator/node_modules/express/lib/router/layer.js:95:5)
    at trim_prefix (/Users/reedvogt/Desktop/cover-letter-generator/node_modules/express/lib/router/index.js:328:13)
    at /Users/reedvogt/Desktop/cover-letter-generator/node_modules/express/lib/router/index.js:286:9
    at Function.process_params (/Users/reedvogt/Desktop/cover-letter-generator/node_modules/express/lib/router/index.js:346:12)
    at next (/Users/reedvogt/Desktop/cover-letter-generator/node_modules/express/lib/router/index.js:280:10)
    at expressInit (/Users/reedvogt/Desktop/cover-letter-generator/node_modules/express/lib/middleware/init.js:40:5)
    at Layer.handle [as handle_request] (/Users/reedvogt/Desktop/cover-letter-generator/node_modules/express/lib/router/layer.js:95:5)
    at trim_prefix (/Users/reedvogt/Desktop/cover-letter-generator/node_modules/express/lib/router/index.js:328:13)
    at /Users/reedvogt/Desktop/cover-letter-generator/node_modules/express/lib/router/index.js:286:9
    at Function.process_params (/Users/reedvogt/Desktop/cover-letter-generator/node_modules/express/lib/router/index.js:346:12)
    at next (/Users/reedvogt/Desktop/cover-letter-generator/node_modules/express/lib/router/index.js:280:10)
    at query (/Users/reedvogt/Desktop/cover-letter-generator/node_modules/express/lib/middleware/query.js:45:5)
    at Layer.handle [as handle_request] (/Users/reedvogt/Desktop/cover-letter-generator/node_modules/express/lib/router/layer.js:95:5)
    at trim_prefix (/Users/reedvogt/Desktop/cover-letter-generator/node_modules/express/lib/router/index.js:328:13)
    at /Users/reedvogt/Desktop/cover-letter-generator/node_modules/express/lib/router/index.js:286:9
    at Function.process_params (/Users/reedvogt/Desktop/cover-letter-generator/node_modules/express/lib/router/index.js:346:12)
    at next (/Users/reedvogt/Desktop/cover-letter-generator/node_modules/express/lib/router/index.js:280:10)
    at Function.handle (/Users/reedvogt/Desktop/cover-letter-generator/node_modules/express/lib/router/index.js:175:3)
    at Function.handle (/Users/reedvogt/Desktop/cover-letter-generator/node_modules/express/lib/application.js:181:10)
    at Server.app (/Users/reedvogt/Desktop/cover-letter-generator/node_modules/express/lib/express.js:39:9)
    at Server.emit (node:events:514:28)
    at parserOnIncoming (node:_http_server:1107:12)
    at HTTPParser.parserOnHeadersComplete (node:_http_common:119:17)
[ERROR][04:51]: Error: Test Error
    at /Users/reedvogt/Desktop/cover-letter-generator/src/tests/errorHandler.test.js:10:13
    at Layer.handle [as handle_request] (/Users/reedvogt/Desktop/cover-letter-generator/node_modules/express/lib/router/layer.js:95:5)
    at trim_prefix (/Users/reedvogt/Desktop/cover-letter-generator/node_modules/express/lib/router/index.js:328:13)
    at /Users/reedvogt/Desktop/cover-letter-generator/node_modules/express/lib/router/index.js:286:9
    at Function.process_params (/Users/reedvogt/Desktop/cover-letter-generator/node_modules/express/lib/router/index.js:346:12)
    at next (/Users/reedvogt/Desktop/cover-letter-generator/node_modules/express/lib/router/index.js:280:10)
    at expressInit (/Users/reedvogt/Desktop/cover-letter-generator/node_modules/express/lib/middleware/init.js:40:5)
    at Layer.handle [as handle_request] (/Users/reedvogt/Desktop/cover-letter-generator/node_modules/express/lib/router/layer.js:95:5)
    at trim_prefix (/Users/reedvogt/Desktop/cover-letter-generator/node_modules/express/lib/router/index.js:328:13)
    at /Users/reedvogt/Desktop/cover-letter-generator/node_modules/express/lib/router/index.js:286:9
    at Function.process_params (/Users/reedvogt/Desktop/cover-letter-generator/node_modules/express/lib/router/index.js:346:12)
    at next (/Users/reedvogt/Desktop/cover-letter-generator/node_modules/express/lib/router/index.js:280:10)
    at query (/Users/reedvogt/Desktop/cover-letter-generator/node_modules/express/lib/middleware/query.js:45:5)
    at Layer.handle [as handle_request] (/Users/reedvogt/Desktop/cover-letter-generator/node_modules/express/lib/router/layer.js:95:5)
    at trim_prefix (/Users/reedvogt/Desktop/cover-letter-generator/node_modules/express/lib/router/index.js:328:13)
    at /Users/reedvogt/Desktop/cover-letter-generator/node_modules/express/lib/router/index.js:286:9
    at Function.process_params (/Users/reedvogt/Desktop/cover-letter-generator/node_modules/express/lib/router/index.js:346:12)
    at next (/Users/reedvogt/Desktop/cover-letter-generator/node_modules/express/lib/router/index.js:280:10)
    at Function.handle (/Users/reedvogt/Desktop/cover-letter-generator/node_modules/express/lib/router/index.js:175:3)
    at Function.handle (/Users/reedvogt/Desktop/cover-letter-generator/node_modules/express/lib/application.js:181:10)
    at Server.app (/Users/reedvogt/Desktop/cover-letter-generator/node_modules/express/lib/express.js:39:9)
    at Server.emit (node:events:514:28)
    at parserOnIncoming (node:_http_server:1107:12)
    at HTTPParser.parserOnHeadersComplete (node:_http_common:119:17)
[ERROR][04:54]: Error: Test Error
    at /Users/reedvogt/Desktop/cover-letter-generator/src/tests/errorHandler.test.js:10:13
    at Layer.handle [as handle_request] (/Users/reedvogt/Desktop/cover-letter-generator/node_modules/express/lib/router/layer.js:95:5)
    at trim_prefix (/Users/reedvogt/Desktop/cover-letter-generator/node_modules/express/lib/router/index.js:328:13)
    at /Users/reedvogt/Desktop/cover-letter-generator/node_modules/express/lib/router/index.js:286:9
    at Function.process_params (/Users/reedvogt/Desktop/cover-letter-generator/node_modules/express/lib/router/index.js:346:12)
    at next (/Users/reedvogt/Desktop/cover-letter-generator/node_modules/express/lib/router/index.js:280:10)
    at expressInit (/Users/reedvogt/Desktop/cover-letter-generator/node_modules/express/lib/middleware/init.js:40:5)
    at Layer.handle [as handle_request] (/Users/reedvogt/Desktop/cover-letter-generator/node_modules/express/lib/router/layer.js:95:5)
    at trim_prefix (/Users/reedvogt/Desktop/cover-letter-generator/node_modules/express/lib/router/index.js:328:13)
    at /Users/reedvogt/Desktop/cover-letter-generator/node_modules/express/lib/router/index.js:286:9
    at Function.process_params (/Users/reedvogt/Desktop/cover-letter-generator/node_modules/express/lib/router/index.js:346:12)
    at next (/Users/reedvogt/Desktop/cover-letter-generator/node_modules/express/lib/router/index.js:280:10)
    at query (/Users/reedvogt/Desktop/cover-letter-generator/node_modules/express/lib/middleware/query.js:45:5)
    at Layer.handle [as handle_request] (/Users/reedvogt/Desktop/cover-letter-generator/node_modules/express/lib/router/layer.js:95:5)
    at trim_prefix (/Users/reedvogt/Desktop/cover-letter-generator/node_modules/express/lib/router/index.js:328:13)
    at /Users/reedvogt/Desktop/cover-letter-generator/node_modules/express/lib/router/index.js:286:9
    at Function.process_params (/Users/reedvogt/Desktop/cover-letter-generator/node_modules/express/lib/router/index.js:346:12)
    at next (/Users/reedvogt/Desktop/cover-letter-generator/node_modules/express/lib/router/index.js:280:10)
    at Function.handle (/Users/reedvogt/Desktop/cover-letter-generator/node_modules/express/lib/router/index.js:175:3)
    at Function.handle (/Users/reedvogt/Desktop/cover-letter-generator/node_modules/express/lib/application.js:181:10)
    at Server.app (/Users/reedvogt/Desktop/cover-letter-generator/node_modules/express/lib/express.js:39:9)
    at Server.emit (node:events:514:28)
    at parserOnIncoming (node:_http_server:1107:12)
    at HTTPParser.parserOnHeadersComplete (node:_http_common:119:17)
[ERROR][04:55]: Error: Test Error
    at /Users/reedvogt/Desktop/cover-letter-generator/src/tests/errorHandler.test.js:10:13
    at Layer.handle [as handle_request] (/Users/reedvogt/Desktop/cover-letter-generator/node_modules/express/lib/router/layer.js:95:5)
    at trim_prefix (/Users/reedvogt/Desktop/cover-letter-generator/node_modules/express/lib/router/index.js:328:13)
    at /Users/reedvogt/Desktop/cover-letter-generator/node_modules/express/lib/router/index.js:286:9
    at Function.process_params (/Users/reedvogt/Desktop/cover-letter-generator/node_modules/express/lib/router/index.js:346:12)
    at next (/Users/reedvogt/Desktop/cover-letter-generator/node_modules/express/lib/router/index.js:280:10)
    at expressInit (/Users/reedvogt/Desktop/cover-letter-generator/node_modules/express/lib/middleware/init.js:40:5)
    at Layer.handle [as handle_request] (/Users/reedvogt/Desktop/cover-letter-generator/node_modules/express/lib/router/layer.js:95:5)
    at trim_prefix (/Users/reedvogt/Desktop/cover-letter-generator/node_modules/express/lib/router/index.js:328:13)
    at /Users/reedvogt/Desktop/cover-letter-generator/node_modules/express/lib/router/index.js:286:9
    at Function.process_params (/Users/reedvogt/Desktop/cover-letter-generator/node_modules/express/lib/router/index.js:346:12)
    at next (/Users/reedvogt/Desktop/cover-letter-generator/node_modules/express/lib/router/index.js:280:10)
    at query (/Users/reedvogt/Desktop/cover-letter-generator/node_modules/express/lib/middleware/query.js:45:5)
    at Layer.handle [as handle_request] (/Users/reedvogt/Desktop/cover-letter-generator/node_modules/express/lib/router/layer.js:95:5)
    at trim_prefix (/Users/reedvogt/Desktop/cover-letter-generator/node_modules/express/lib/router/index.js:328:13)
    at /Users/reedvogt/Desktop/cover-letter-generator/node_modules/express/lib/router/index.js:286:9
    at Function.process_params (/Users/reedvogt/Desktop/cover-letter-generator/node_modules/express/lib/router/index.js:346:12)
    at next (/Users/reedvogt/Desktop/cover-letter-generator/node_modules/express/lib/router/index.js:280:10)
    at Function.handle (/Users/reedvogt/Desktop/cover-letter-generator/node_modules/express/lib/router/index.js:175:3)
    at Function.handle (/Users/reedvogt/Desktop/cover-letter-generator/node_modules/express/lib/application.js:181:10)
    at Server.app (/Users/reedvogt/Desktop/cover-letter-generator/node_modules/express/lib/express.js:39:9)
    at Server.emit (node:events:514:28)
    at parserOnIncoming (node:_http_server:1107:12)
    at HTTPParser.parserOnHeadersComplete (node:_http_common:119:17)
[INFO][05:24]: MongoDB connected successfully
[INFO][05:24]: MongoDB connected successfully
[INFO][05:26]: MongoDB connected successfully
[INFO][05:26]: MongoDB connected successfully
[INFO][05:26]: MongoDB connected successfully
[INFO][05:26]: MongoDB connected successfully
[INFO][05:27]: MongoDB connected successfully
[INFO][05:27]: MongoDB connected successfully
[INFO][05:29]: MongoDB connected successfully
[INFO][05:29]: MongoDB connected successfully
[INFO][05:29]: MongoDB connected successfully
[INFO][05:29]: MongoDB connected successfully
[INFO][05:30]: MongoDB connected successfully
[INFO][05:30]: MongoDB connected successfully
[INFO][05:32]: MongoDB connected successfully
[INFO][05:32]: MongoDB connected successfully
[INFO][05:33]: MongoDB connected successfully
[ERROR][05:33]: MongoDB connection failed: Connection failed
[INFO][05:34]: MongoDB connected successfully
[ERROR][05:34]: MongoDB connection failed: Connection failed
[INFO][05:35]: MongoDB connected successfully
[ERROR][05:35]: MongoDB connection failed: Connection failed
[INFO][05:53]: Server is running on port 3001
[INFO][05:53]: MongoDB connected successfully
[INFO][05:53]: MongoDB connected successfully
[INFO][05:53]: MongoDB connected successfully
[INFO][05:53]: MongoDB connected successfully
[INFO][05:53]: MongoDB connected successfully
[INFO][07:28]: Server is running on port 3001
[INFO][07:35]: Server is running on port 3001
[INFO][07:43]: Server is running on port 3001
[INFO][07:49]: Server is running on port 3001
[INFO][07:55]: Server is running on port 3001
[INFO][08:01]: Server is running on port 3001
[INFO][08:05]: Server is running on port 3001
[INFO][08:09]: Server is running on port 3001
[INFO][08:09]: MongoDB connected successfully
[INFO][08:09]: MongoDB connected successfully
[INFO][08:10]: Server is running on port 3001
[INFO][08:14]: Server is running on port 3001
[INFO][08:43]: undefined
[INFO][08:45]: undefined
[ERROR][08:45]: Error registering user: Cannot set properties of undefined (setting 'user')
[ERROR][08:45]: Validation errors: [{"type":"field","msg":"Username is required","path":"username","location":"body"},{"type":"field","msg":"Email is required","path":"email","location":"body"},{"type":"field","msg":"Password is required","path":"password","location":"body"}]
[ERROR][08:45]: Error logging in: Cannot set properties of undefined (setting 'user')
[ERROR][08:45]: Error logging in: Cannot set properties of undefined (setting 'user')
[ERROR][08:45]: Error registering user: Cannot set properties of undefined (setting 'user')
[ERROR][08:45]: Validation errors: [{"type":"field","msg":"Username is required","path":"username","location":"body"},{"type":"field","msg":"Email is required","path":"email","location":"body"},{"type":"field","msg":"Password is required","path":"password","location":"body"}]
[ERROR][08:45]: Error logging in: Cannot set properties of undefined (setting 'user')
[ERROR][08:45]: Error logging in: Cannot set properties of undefined (setting 'user')
[INFO][08:45]: undefined
[ERROR][08:51]: Error registering user: Cannot set properties of undefined (setting 'user')
[ERROR][08:51]: Validation errors: [{"type":"field","msg":"Username is required","path":"username","location":"body"},{"type":"field","msg":"Email is required","path":"email","location":"body"},{"type":"field","msg":"Password is required","path":"password","location":"body"}]
[ERROR][08:51]: Error logging in: Cannot set properties of undefined (setting 'user')
[ERROR][08:51]: Error logging in: Cannot set properties of undefined (setting 'user')
[INFO][08:51]: undefined
[ERROR][08:58]: Error registering user: Cannot set properties of undefined (setting 'user')
[ERROR][08:58]: Validation errors: [{"type":"field","msg":"Username is required","path":"username","location":"body"},{"type":"field","msg":"Email is required","path":"email","location":"body"},{"type":"field","msg":"Password is required","path":"password","location":"body"}]
[ERROR][08:58]: Error logging in: Cannot set properties of undefined (setting 'user')
[ERROR][08:58]: Error logging in: Cannot set properties of undefined (setting 'user')
[INFO][08:58]: undefined
[ERROR][09:01]: Error registering user: Cannot set properties of undefined (setting 'user')
[ERROR][09:01]: Validation errors: [{"type":"field","msg":"Username is required","path":"username","location":"body"},{"type":"field","msg":"Email is required","path":"email","location":"body"},{"type":"field","msg":"Password is required","path":"password","location":"body"}]
[ERROR][09:01]: Error logging in: Cannot set properties of undefined (setting 'user')
[ERROR][09:01]: Error logging in: Cannot set properties of undefined (setting 'user')
[INFO][09:01]: undefined
[ERROR][09:19]: Error registering user: Cannot set properties of undefined (setting 'user')
[INFO][09:19]: undefined
[ERROR][09:19]: Validation errors: [{"type":"field","msg":"Username is required","path":"username","location":"body"},{"type":"field","msg":"Email is required","path":"email","location":"body"},{"type":"field","msg":"Password is required","path":"password","location":"body"}]
[ERROR][09:19]: Error logging in: Cannot set properties of undefined (setting 'user')
[ERROR][09:19]: Error logging in: Cannot set properties of undefined (setting 'user')
[ERROR][09:22]: Error registering user: Cannot set properties of undefined (setting 'user')
[INFO][09:22]: undefined
[ERROR][09:22]: Validation errors: [{"type":"field","msg":"Username is required","path":"username","location":"body"},{"type":"field","msg":"Email is required","path":"email","location":"body"},{"type":"field","msg":"Password is required","path":"password","location":"body"}]
[ERROR][09:22]: Error logging in: Cannot set properties of undefined (setting 'user')
[ERROR][09:22]: Error logging in: Cannot set properties of undefined (setting 'user')
[INFO][09:30]: undefined
[INFO][09:33]: undefined
[ERROR][09:52]: Validation errors: [object Object],[object Object],[object Object],[object Object],[object Object],[object Object],[object Object],[object Object],[object Object],[object Object],[object Object],[object Object],[object Object],[object Object],[object Object],[object Object],[object Object],[object Object]
[INFO][09:52]: undefined
[ERROR][09:55]: Validation errors: [object Object],[object Object],[object Object],[object Object],[object Object],[object Object],[object Object],[object Object],[object Object],[object Object],[object Object],[object Object],[object Object],[object Object],[object Object],[object Object],[object Object],[object Object]
[INFO][09:55]: undefined
[INFO][09:55]: User registered: undefined
[INFO][09:55]: User logged in: testuser
[INFO][09:55]: User logged in: testuser
[ERROR][09:57]: Validation errors: [object Object],[object Object],[object Object],[object Object],[object Object],[object Object],[object Object],[object Object],[object Object],[object Object],[object Object],[object Object],[object Object],[object Object],[object Object],[object Object],[object Object],[object Object]
[INFO][09:57]: undefined
[ERROR][10:01]: Validation errors: [object Object],[object Object],[object Object],[object Object],[object Object],[object Object],[object Object],[object Object],[object Object],[object Object],[object Object],[object Object],[object Object],[object Object],[object Object],[object Object],[object Object],[object Object]
[INFO][10:01]: undefined
[ERROR][10:03]: Validation errors: [object Object],[object Object],[object Object],[object Object],[object Object],[object Object],[object Object],[object Object],[object Object],[object Object],[object Object],[object Object],[object Object],[object Object],[object Object],[object Object],[object Object],[object Object]
[INFO][10:03]: undefined
[ERROR][10:05]: Error logging out: Cannot read properties of undefined (reading 'destroy')
[ERROR][10:05]: Validation errors: [object Object],[object Object],[object Object],[object Object],[object Object],[object Object],[object Object],[object Object],[object Object],[object Object],[object Object],[object Object],[object Object],[object Object],[object Object],[object Object],[object Object],[object Object]
[INFO][10:05]: undefined
[ERROR][10:18]: Error logging out: Cannot read properties of undefined (reading 'destroy')
[ERROR][10:18]: Validation errors: [object Object],[object Object],[object Object],[object Object],[object Object],[object Object],[object Object],[object Object],[object Object],[object Object],[object Object],[object Object],[object Object],[object Object],[object Object],[object Object],[object Object],[object Object]
[INFO][10:18]: undefined
[ERROR][10:19]: Error logging out: Cannot read properties of undefined (reading 'destroy')
[ERROR][10:19]: Validation errors: [object Object],[object Object],[object Object],[object Object],[object Object],[object Object],[object Object],[object Object],[object Object],[object Object],[object Object],[object Object],[object Object],[object Object],[object Object],[object Object],[object Object],[object Object]
[INFO][10:19]: undefined
[ERROR][10:23]: Error logging out: Cannot read properties of undefined (reading 'destroy')
[ERROR][10:23]: Validation errors: [object Object],[object Object],[object Object],[object Object],[object Object],[object Object],[object Object],[object Object],[object Object],[object Object],[object Object],[object Object],[object Object],[object Object],[object Object],[object Object],[object Object],[object Object]
[INFO][10:23]: undefined
[ERROR][10:28]: Error registering user: User.findOne is not a function
[ERROR][10:28]: Error logging out: Cannot read properties of undefined (reading 'destroy')
[ERROR][10:28]: Validation errors: [object Object],[object Object],[object Object],[object Object],[object Object],[object Object],[object Object],[object Object],[object Object],[object Object],[object Object],[object Object],[object Object],[object Object],[object Object],[object Object],[object Object],[object Object]
[INFO][10:28]: undefined
[ERROR][10:31]: Error registering user: User.findOne is not a function
[ERROR][10:31]: Error logging out: Cannot read properties of undefined (reading 'destroy')
[ERROR][10:31]: Validation errors: [object Object],[object Object],[object Object],[object Object],[object Object],[object Object],[object Object],[object Object],[object Object],[object Object],[object Object],[object Object],[object Object],[object Object],[object Object],[object Object],[object Object],[object Object]
[INFO][10:31]: undefined
[ERROR][10:32]: Error registering user: User.findOne is not a function
[ERROR][10:32]: Error logging out: Cannot read properties of undefined (reading 'destroy')
[ERROR][10:32]: Validation errors: [object Object],[object Object],[object Object],[object Object],[object Object],[object Object],[object Object],[object Object],[object Object],[object Object],[object Object],[object Object],[object Object],[object Object],[object Object],[object Object],[object Object],[object Object]
[INFO][10:32]: undefined
[ERROR][10:33]: Error registering user: User.findOne is not a function
[ERROR][10:33]: Error logging out: Cannot read properties of undefined (reading 'destroy')
[ERROR][10:33]: Validation errors: [object Object],[object Object],[object Object],[object Object],[object Object],[object Object],[object Object],[object Object],[object Object],[object Object],[object Object],[object Object],[object Object],[object Object],[object Object],[object Object],[object Object],[object Object]
[INFO][10:33]: undefined
[ERROR][10:35]: Validation errors: [object Object],[object Object],[object Object],[object Object],[object Object],[object Object],[object Object],[object Object],[object Object],[object Object],[object Object],[object Object],[object Object],[object Object],[object Object],[object Object],[object Object],[object Object]
[ERROR][10:35]: Error registering user: User.findOne is not a function
[INFO][10:35]: undefined
[ERROR][10:35]: Error logging out: Cannot read properties of undefined (reading 'destroy')
[ERROR][10:39]: Validation errors: [object Object],[object Object],[object Object],[object Object],[object Object],[object Object],[object Object],[object Object],[object Object],[object Object],[object Object],[object Object],[object Object],[object Object],[object Object],[object Object],[object Object],[object Object]
[INFO][10:39]: undefined
[ERROR][10:39]: Validation errors: [object Object],[object Object],[object Object],[object Object],[object Object],[object Object],[object Object],[object Object],[object Object],[object Object],[object Object],[object Object],[object Object],[object Object],[object Object],[object Object],[object Object],[object Object]
[INFO][10:39]: undefined
[ERROR][10:40]: Error registering user: User.findOne is not a function
[ERROR][10:40]: Error logging out: Cannot read properties of undefined (reading 'destroy')
[ERROR][10:40]: Validation errors: [object Object],[object Object],[object Object],[object Object],[object Object],[object Object],[object Object],[object Object],[object Object],[object Object],[object Object],[object Object],[object Object],[object Object],[object Object],[object Object],[object Object],[object Object]
[INFO][10:40]: undefined
[ERROR][10:41]: Error registering user: User.findOne is not a function
[ERROR][10:41]: Error logging out: Cannot read properties of undefined (reading 'destroy')
[ERROR][10:41]: Validation errors: [object Object],[object Object],[object Object],[object Object],[object Object],[object Object],[object Object],[object Object],[object Object],[object Object],[object Object],[object Object],[object Object],[object Object],[object Object],[object Object],[object Object],[object Object]
[INFO][10:41]: undefined
[ERROR][10:43]: Validation errors: [object Object],[object Object],[object Object],[object Object],[object Object],[object Object],[object Object],[object Object],[object Object],[object Object],[object Object],[object Object],[object Object],[object Object],[object Object],[object Object],[object Object],[object Object]
[INFO][10:43]: undefined
[ERROR][10:49]: Error registering user: User.findOne is not a function
[ERROR][10:49]: Validation errors: [object Object],[object Object],[object Object],[object Object],[object Object],[object Object],[object Object],[object Object],[object Object],[object Object],[object Object],[object Object],[object Object],[object Object],[object Object],[object Object],[object Object],[object Object]
[ERROR][10:49]: Error logging out: Cannot read properties of undefined (reading 'destroy')
[INFO][10:49]: undefined
[ERROR][10:50]: Error registering user: User.findOne is not a function
[ERROR][10:50]: Error logging out: Cannot read properties of undefined (reading 'destroy')
[ERROR][10:50]: Validation errors: [object Object],[object Object],[object Object],[object Object],[object Object],[object Object],[object Object],[object Object],[object Object],[object Object],[object Object],[object Object],[object Object],[object Object],[object Object],[object Object],[object Object],[object Object]
[INFO][10:50]: undefined
[ERROR][10:55]: Validation errors: [object Object],[object Object],[object Object],[object Object],[object Object],[object Object],[object Object],[object Object],[object Object],[object Object],[object Object],[object Object],[object Object],[object Object],[object Object],[object Object],[object Object],[object Object]
[INFO][10:55]: undefined
[ERROR][10:56]: Validation errors: [object Object],[object Object],[object Object],[object Object],[object Object],[object Object],[object Object],[object Object],[object Object],[object Object],[object Object],[object Object],[object Object],[object Object],[object Object],[object Object],[object Object],[object Object]
[INFO][10:56]: undefined
[ERROR][10:57]: Validation errors: [object Object],[object Object],[object Object],[object Object],[object Object],[object Object],[object Object],[object Object],[object Object],[object Object],[object Object],[object Object],[object Object],[object Object],[object Object],[object Object],[object Object],[object Object]
[INFO][10:57]: undefined
[ERROR][10:59]: Validation errors: [object Object],[object Object],[object Object],[object Object],[object Object],[object Object],[object Object],[object Object],[object Object],[object Object],[object Object],[object Object],[object Object],[object Object],[object Object],[object Object],[object Object],[object Object]
[INFO][10:59]: undefined
[ERROR][11:01]: Validation errors: [object Object],[object Object],[object Object],[object Object],[object Object],[object Object],[object Object],[object Object],[object Object],[object Object],[object Object],[object Object],[object Object],[object Object],[object Object],[object Object],[object Object],[object Object]
[INFO][11:01]: undefined
[ERROR][11:35]: Validation errors: [object Object],[object Object],[object Object],[object Object],[object Object],[object Object],[object Object],[object Object],[object Object],[object Object],[object Object],[object Object],[object Object],[object Object],[object Object],[object Object],[object Object],[object Object]
[INFO][11:35]: undefined
[INFO][11:35]: Server is running on port 3001
[ERROR][11:48]: Validation errors: [object Object],[object Object],[object Object],[object Object],[object Object],[object Object],[object Object],[object Object],[object Object],[object Object],[object Object],[object Object],[object Object],[object Object],[object Object],[object Object],[object Object],[object Object]
[INFO][11:48]: undefined
[INFO][11:54]: Server is running on port 3001
[ERROR][11:54]: Validation errors: [object Object],[object Object],[object Object],[object Object],[object Object],[object Object],[object Object],[object Object],[object Object],[object Object],[object Object],[object Object],[object Object],[object Object],[object Object],[object Object],[object Object],[object Object]
[ERROR][11:54]: Invalid draft content state: Missing blocks
[ERROR][11:54]: Error saving draft to database: Cast to ObjectId failed for value "123" (type string) at path "_id" for model "User"
[INFO][11:54]: undefined
[ERROR][11:54]: Validation errors: [{"type":"field","msg":"Email is required","path":"email","location":"body"}]
[INFO][11:54]: MongoDB connected successfully
[INFO][11:54]: MongoDB connected successfully
[ERROR][11:54]: Error logging out: Cannot read properties of undefined (reading 'destroy')
[INFO][12:10]: Server is running on port 3001
[ERROR][12:10]: Validation errors: [{"type":"field","msg":"Email is required","path":"email","location":"body"}]
[ERROR][12:10]: Validation errors: [object Object],[object Object],[object Object],[object Object],[object Object],[object Object],[object Object],[object Object],[object Object],[object Object],[object Object],[object Object],[object Object],[object Object],[object Object],[object Object],[object Object],[object Object]
[ERROR][12:10]: Invalid draft content state: Missing blocks
[ERROR][12:10]: Error saving draft to database: Cast to ObjectId failed for value "123" (type string) at path "_id" for model "User"
[INFO][12:10]: undefined
[INFO][12:10]: MongoDB connected successfully
[INFO][12:10]: MongoDB connected successfully
[INFO][12:13]: Server is running on port 3001
[ERROR][12:13]: Validation errors: [{"type":"field","msg":"Email is required","path":"email","location":"body"}]
[ERROR][12:13]: Validation errors: [object Object],[object Object],[object Object],[object Object],[object Object],[object Object],[object Object],[object Object],[object Object],[object Object],[object Object],[object Object],[object Object],[object Object],[object Object],[object Object],[object Object],[object Object]
[ERROR][12:13]: Invalid draft content state: Missing blocks
[ERROR][12:13]: Error saving draft to database: Cast to ObjectId failed for value "123" (type string) at path "_id" for model "User"
[INFO][12:13]: undefined
[INFO][12:13]: MongoDB connected successfully
[INFO][12:13]: MongoDB connected successfully
[INFO][12:14]: Server is running on port 3001
[ERROR][12:14]: Validation errors: [{"type":"field","msg":"Email is required","path":"email","location":"body"}]
[ERROR][12:14]: Validation errors: [object Object],[object Object],[object Object],[object Object],[object Object],[object Object],[object Object],[object Object],[object Object],[object Object],[object Object],[object Object],[object Object],[object Object],[object Object],[object Object],[object Object],[object Object]
[ERROR][12:14]: Invalid draft content state: Missing blocks
[ERROR][12:14]: Error saving draft to database: Cast to ObjectId failed for value "123" (type string) at path "_id" for model "User"
[INFO][12:14]: undefined
[INFO][12:14]: MongoDB connected successfully
[INFO][12:14]: MongoDB connected successfully
[INFO][12:15]: Server is running on port 3001
[ERROR][12:15]: Validation errors: [{"type":"field","msg":"Email is required","path":"email","location":"body"}]
[ERROR][12:15]: Validation errors: [object Object],[object Object],[object Object],[object Object],[object Object],[object Object],[object Object],[object Object],[object Object],[object Object],[object Object],[object Object],[object Object],[object Object],[object Object],[object Object],[object Object],[object Object]
[ERROR][12:15]: Invalid draft content state: Missing blocks
[ERROR][12:15]: Error saving draft to database: Cast to ObjectId failed for value "123" (type string) at path "_id" for model "User"
[INFO][12:15]: undefined
[INFO][12:15]: MongoDB connected successfully
[INFO][12:15]: MongoDB connected successfully
[INFO][12:16]: Server is running on port 3001
[ERROR][12:16]: Validation errors: [{"type":"field","msg":"Email is required","path":"email","location":"body"}]
[ERROR][12:16]: Validation errors: [object Object],[object Object],[object Object],[object Object],[object Object],[object Object],[object Object],[object Object],[object Object],[object Object],[object Object],[object Object],[object Object],[object Object],[object Object],[object Object],[object Object],[object Object]
[ERROR][12:16]: Invalid draft content state: Missing blocks
[ERROR][12:16]: Error saving draft to database: Cast to ObjectId failed for value "123" (type string) at path "_id" for model "User"
[INFO][12:16]: undefined
[INFO][12:16]: MongoDB connected successfully
[INFO][12:16]: MongoDB connected successfully
[INFO][12:24]: Server is running on port 3001
[ERROR][12:24]: Validation errors: [object Object],[object Object],[object Object],[object Object],[object Object],[object Object],[object Object],[object Object],[object Object],[object Object],[object Object],[object Object],[object Object],[object Object],[object Object],[object Object],[object Object],[object Object]
[ERROR][12:24]: Invalid draft content state: Missing blocks
[ERROR][12:24]: Error saving draft to database: Cast to ObjectId failed for value "123" (type string) at path "_id" for model "User"
[INFO][12:24]: undefined
[ERROR][12:24]: Validation errors: [{"type":"field","msg":"Email is required","path":"email","location":"body"}]
[INFO][12:24]: MongoDB connected successfully
[INFO][12:24]: MongoDB connected successfully
[INFO][12:34]: Server is running on port 3001
[ERROR][12:34]: Validation errors: [{"type":"field","msg":"Email is required","path":"email","location":"body"}]
[ERROR][12:34]: Validation errors: [object Object],[object Object],[object Object],[object Object],[object Object],[object Object],[object Object],[object Object],[object Object],[object Object],[object Object],[object Object],[object Object],[object Object],[object Object],[object Object],[object Object],[object Object]
[ERROR][12:34]: Invalid draft content state: Missing blocks
[ERROR][12:34]: Error saving draft to database: Cast to ObjectId failed for value "123" (type string) at path "_id" for model "User"
[INFO][12:34]: undefined
[INFO][12:34]: MongoDB connected successfully
[INFO][12:34]: MongoDB connected successfully
[INFO][12:34]: MongoDB connected successfully
[INFO][12:39]: Server is running on port 3001
[INFO][12:39]: MongoDB connected successfully
[ERROR][12:39]: Validation errors: [{"type":"field","msg":"Email is required","path":"email","location":"body"}]
[INFO][12:39]: MongoDB connected successfully
[ERROR][12:39]: Validation errors: [object Object],[object Object],[object Object],[object Object],[object Object],[object Object],[object Object],[object Object],[object Object],[object Object],[object Object],[object Object],[object Object],[object Object],[object Object],[object Object],[object Object],[object Object]
[ERROR][12:39]: Invalid draft content state: Missing blocks
[ERROR][12:39]: Error saving draft to database: Cast to ObjectId failed for value "123" (type string) at path "_id" for model "User"
[INFO][12:39]: undefined
[INFO][12:42]: Server is running on port 3001
[INFO][12:42]: MongoDB connected successfully
[ERROR][12:42]: Validation errors: [{"type":"field","msg":"Email is required","path":"email","location":"body"}]
[INFO][12:42]: MongoDB connected successfully
[ERROR][12:42]: Validation errors: [object Object],[object Object],[object Object],[object Object],[object Object],[object Object],[object Object],[object Object],[object Object],[object Object],[object Object],[object Object],[object Object],[object Object],[object Object],[object Object],[object Object],[object Object]
[ERROR][12:42]: Invalid draft content state: Missing blocks
[ERROR][12:42]: Error saving draft to database: Cast to ObjectId failed for value "123" (type string) at path "_id" for model "User"
[INFO][12:42]: undefined
[INFO][12:50]: Server is running on port 3001
[INFO][12:50]: MongoDB connected successfully
[ERROR][12:50]: Validation errors: [{"type":"field","msg":"Email is required","path":"email","location":"body"}]
[INFO][12:50]: MongoDB connected successfully
[ERROR][12:50]: Validation errors: [object Object],[object Object],[object Object],[object Object],[object Object],[object Object],[object Object],[object Object],[object Object],[object Object],[object Object],[object Object],[object Object],[object Object],[object Object],[object Object],[object Object],[object Object]
[ERROR][12:50]: Invalid draft content state: Missing blocks
[ERROR][12:50]: Error saving draft to database: Cast to ObjectId failed for value "123" (type string) at path "_id" for model "User"
[INFO][12:50]: undefined
[INFO][12:50]: Server is running on port 3001
[INFO][12:50]: MongoDB connected successfully
[ERROR][12:50]: Validation errors: [{"type":"field","msg":"Email is required","path":"email","location":"body"}]
[INFO][12:50]: MongoDB connected successfully
[ERROR][12:50]: Validation errors: [object Object],[object Object],[object Object],[object Object],[object Object],[object Object],[object Object],[object Object],[object Object],[object Object],[object Object],[object Object],[object Object],[object Object],[object Object],[object Object],[object Object],[object Object]
[ERROR][12:50]: Invalid draft content state: Missing blocks
[ERROR][12:50]: Error saving draft to database: Cast to ObjectId failed for value "123" (type string) at path "_id" for model "User"
[INFO][12:50]: undefined
[INFO][12:53]: Server is running on port 3001
[INFO][12:53]: MongoDB connected successfully
[ERROR][12:53]: Validation errors: [{"type":"field","msg":"Email is required","path":"email","location":"body"}]
[INFO][12:53]: MongoDB connected successfully
[ERROR][12:53]: Validation errors: [object Object],[object Object],[object Object],[object Object],[object Object],[object Object],[object Object],[object Object],[object Object],[object Object],[object Object],[object Object],[object Object],[object Object],[object Object],[object Object],[object Object],[object Object]
[ERROR][12:53]: Invalid draft content state: Missing blocks
[INFO][12:53]: MongoDB connected successfully
[ERROR][12:53]: Error saving draft to database: User not found
[INFO][12:53]: undefined
[INFO][12:57]: Server is running on port 3001
[ERROR][12:57]: Validation errors: [{"type":"field","msg":"Email is required","path":"email","location":"body"}]
[INFO][12:57]: MongoDB connected successfully
[ERROR][12:57]: Validation errors: [object Object],[object Object],[object Object],[object Object],[object Object],[object Object],[object Object],[object Object],[object Object],[object Object],[object Object],[object Object],[object Object],[object Object],[object Object],[object Object],[object Object],[object Object]
[ERROR][12:57]: Invalid draft content state: Missing blocks
[INFO][12:57]: MongoDB connected successfully
[ERROR][12:57]: Error saving draft to database: User not found
[INFO][12:57]: undefined
[INFO][12:57]: Server is running on port 3001
[ERROR][12:57]: Validation errors: [{"type":"field","msg":"Email is required","path":"email","location":"body"}]
[INFO][12:57]: MongoDB connected successfully
[ERROR][12:57]: Validation errors: [object Object],[object Object],[object Object],[object Object],[object Object],[object Object],[object Object],[object Object],[object Object],[object Object],[object Object],[object Object],[object Object],[object Object],[object Object],[object Object],[object Object],[object Object]
[ERROR][12:57]: Invalid draft content state: Missing blocks
[INFO][12:57]: MongoDB connected successfully
[ERROR][12:57]: Error saving draft to database: User not found
[INFO][12:57]: undefined
[INFO][13:03]: Server is running on port 3001
[ERROR][13:03]: Validation errors: [{"type":"field","msg":"Email is required","path":"email","location":"body"}]
[INFO][13:03]: MongoDB connected successfully
[ERROR][13:03]: Validation errors: [object Object],[object Object],[object Object],[object Object],[object Object],[object Object],[object Object],[object Object],[object Object],[object Object],[object Object],[object Object],[object Object],[object Object],[object Object],[object Object],[object Object],[object Object]
[ERROR][13:03]: Invalid draft content state: Missing blocks
[INFO][13:03]: MongoDB connected successfully
[ERROR][13:03]: Error saving draft to database: User not found
[INFO][13:03]: undefined
[INFO][13:03]: Server is running on port 3001
[ERROR][13:03]: Validation errors: [{"type":"field","msg":"Email is required","path":"email","location":"body"}]
[INFO][13:03]: MongoDB connected successfully
[ERROR][13:03]: Validation errors: [object Object],[object Object],[object Object],[object Object],[object Object],[object Object],[object Object],[object Object],[object Object],[object Object],[object Object],[object Object],[object Object],[object Object],[object Object],[object Object],[object Object],[object Object]
[ERROR][13:03]: Invalid draft content state: Missing blocks
[INFO][13:03]: MongoDB connected successfully
[ERROR][13:03]: Error saving draft to database: User not found
[INFO][13:03]: undefined
[INFO][13:04]: Server is running on port 3001
[ERROR][13:04]: Validation errors: [{"type":"field","msg":"Email is required","path":"email","location":"body"}]
[INFO][13:05]: MongoDB connected successfully
[ERROR][13:05]: Validation errors: [object Object],[object Object],[object Object],[object Object],[object Object],[object Object],[object Object],[object Object],[object Object],[object Object],[object Object],[object Object],[object Object],[object Object],[object Object],[object Object],[object Object],[object Object]
[ERROR][13:05]: Invalid draft content state: Missing blocks
[INFO][13:05]: MongoDB connected successfully
[ERROR][13:05]: Error saving draft to database: User not found
[INFO][13:05]: undefined
[INFO][13:05]: Server is running on port 3001
[ERROR][13:05]: Validation errors: [{"type":"field","msg":"Email is required","path":"email","location":"body"}]
[INFO][13:06]: MongoDB connected successfully
[ERROR][13:06]: Validation errors: [object Object],[object Object],[object Object],[object Object],[object Object],[object Object],[object Object],[object Object],[object Object],[object Object],[object Object],[object Object],[object Object],[object Object],[object Object],[object Object],[object Object],[object Object]
[ERROR][13:06]: Invalid draft content state: Missing blocks
[INFO][13:06]: MongoDB connected successfully
[ERROR][13:06]: Error saving draft to database: User not found
[INFO][13:06]: undefined
[INFO][13:25]: Server is running on port 3001
[ERROR][13:25]: Validation errors: [{"type":"field","msg":"Email is required","path":"email","location":"body"}]
[INFO][13:25]: MongoDB connected successfully
[ERROR][13:25]: Invalid draft content state: Missing blocks
[INFO][13:25]: MongoDB connected successfully
[ERROR][13:25]: Error saving draft to database: User not found
[INFO][13:25]: undefined
[ERROR][13:30]: Validation errors: [{"type":"field","msg":"Email is required","path":"email","location":"body"}]
[ERROR][13:30]: Error logging in: Operation `users.findOne()` buffering timed out after 10000ms
[ERROR][13:30]: Validation errors: [object Object],[object Object],[object Object],[object Object],[object Object],[object Object],[object Object],[object Object],[object Object],[object Object],[object Object],[object Object],[object Object],[object Object],[object Object],[object Object],[object Object],[object Object]
[ERROR][13:30]: Invalid draft content state: Missing blocks
[ERROR][13:30]: Error saving draft to database: Operation `users.findOne()` buffering timed out after 10000ms
[ERROR][13:35]: Validation errors: [object Object],[object Object],[object Object],[object Object],[object Object],[object Object],[object Object],[object Object],[object Object],[object Object],[object Object],[object Object],[object Object],[object Object],[object Object],[object Object],[object Object],[object Object]
[ERROR][13:35]: Invalid draft content state: Missing blocks
[ERROR][13:35]: Error saving draft to database: Operation `users.findOne()` buffering timed out after 10000ms
[INFO][13:35]: undefined
[ERROR][13:35]: Validation errors: [{"type":"field","msg":"Email is required","path":"email","location":"body"}]
[ERROR][13:36]: Error logging in: Operation `users.findOne()` buffering timed out after 10000ms
[ERROR][13:38]: Validation errors: [object Object],[object Object],[object Object],[object Object],[object Object],[object Object],[object Object],[object Object],[object Object],[object Object],[object Object],[object Object],[object Object],[object Object],[object Object],[object Object],[object Object],[object Object]
[ERROR][13:38]: Invalid draft content state: Missing blocks
[ERROR][13:39]: Error saving draft to database: Operation `users.findOne()` buffering timed out after 10000ms
[INFO][13:39]: undefined
[ERROR][13:39]: Validation errors: [{"type":"field","msg":"Email is required","path":"email","location":"body"}]
[ERROR][13:39]: Error logging in: Operation `users.findOne()` buffering timed out after 10000ms
[ERROR][13:59]: Validation errors: [object Object],[object Object],[object Object],[object Object],[object Object],[object Object],[object Object],[object Object],[object Object],[object Object],[object Object],[object Object],[object Object],[object Object],[object Object],[object Object],[object Object],[object Object]
[ERROR][13:59]: Invalid draft content state: Missing blocks
[ERROR][13:59]: Error saving draft to database: Operation `users.findOne()` buffering timed out after 10000ms
[INFO][13:59]: undefined
[ERROR][13:59]: Validation errors: [{"type":"field","msg":"Email is required","path":"email","location":"body"}]
[ERROR][13:59]: Error logging in: Operation `users.findOne()` buffering timed out after 10000ms
[ERROR][14:03]: Validation errors: [object Object],[object Object],[object Object],[object Object],[object Object],[object Object],[object Object],[object Object],[object Object],[object Object],[object Object],[object Object],[object Object],[object Object],[object Object],[object Object],[object Object],[object Object]
[ERROR][14:03]: Invalid draft content state: Missing blocks
[ERROR][14:03]: Error saving draft to database: Operation `users.findOne()` buffering timed out after 10000ms
[INFO][14:03]: undefined
[ERROR][14:03]: Validation errors: [{"type":"field","msg":"Email is required","path":"email","location":"body"}]
[ERROR][14:03]: Error logging in: Operation `users.findOne()` buffering timed out after 10000ms
[ERROR][14:25]: Validation errors: [object Object],[object Object],[object Object],[object Object],[object Object],[object Object],[object Object],[object Object],[object Object],[object Object],[object Object],[object Object],[object Object],[object Object],[object Object],[object Object],[object Object],[object Object]
[ERROR][14:25]: Invalid draft content state: Missing blocks
[ERROR][14:26]: Error saving draft to database: Operation `users.findOne()` buffering timed out after 10000ms
[INFO][14:26]: undefined
[ERROR][14:26]: Error registering user: Operation `users.findOne()` buffering timed out after 10000ms
[ERROR][14:26]: Error logging in: Operation `users.findOne()` buffering timed out after 10000ms
[ERROR][14:34]: Error registering user: Operation `users.findOne()` buffering timed out after 10000ms
[ERROR][14:34]: Error logging in: Operation `users.findOne()` buffering timed out after 10000ms
[ERROR][14:34]: Validation errors: [object Object],[object Object],[object Object],[object Object],[object Object],[object Object],[object Object],[object Object],[object Object],[object Object],[object Object],[object Object],[object Object],[object Object],[object Object],[object Object],[object Object],[object Object]
[ERROR][14:34]: Invalid draft content state: Missing blocks
[ERROR][14:35]: Error saving draft to database: Operation `users.findOne()` buffering timed out after 10000ms
[ERROR][14:39]: Error registering user: Operation `users.findOne()` buffering timed out after 10000ms
[ERROR][14:39]: Error logging in: Operation `users.findOne()` buffering timed out after 10000ms
[ERROR][14:39]: Invalid draft content state: Missing blocks
[ERROR][14:39]: Error saving draft to database: Operation `users.findOne()` buffering timed out after 10000ms
[ERROR][14:45]: Error registering user: Operation `users.findOne()` buffering timed out after 10000ms
[ERROR][14:45]: Error logging in: Operation `users.findOne()` buffering timed out after 10000ms
[ERROR][14:45]: Validation errors: [object Object],[object Object],[object Object],[object Object],[object Object],[object Object],[object Object],[object Object],[object Object],[object Object],[object Object],[object Object],[object Object],[object Object],[object Object],[object Object],[object Object],[object Object]
[ERROR][14:45]: Invalid draft content state: Missing blocks
[ERROR][14:45]: Error saving draft to database: Operation `users.findOne()` buffering timed out after 10000ms
[ERROR][14:56]: Error registering user: Operation `users.findOne()` buffering timed out after 10000ms
[ERROR][14:57]: Error logging in: Operation `users.findOne()` buffering timed out after 10000ms
[ERROR][14:57]: Validation errors: [object Object],[object Object],[object Object],[object Object],[object Object],[object Object],[object Object],[object Object],[object Object],[object Object],[object Object],[object Object],[object Object],[object Object],[object Object],[object Object],[object Object],[object Object]
[ERROR][14:57]: Invalid draft content state: Missing blocks
[ERROR][14:57]: Error saving draft to database: Operation `users.findOne()` buffering timed out after 10000ms
[ERROR][15:01]: Error registering user: Operation `users.findOne()` buffering timed out after 10000ms
[ERROR][15:01]: Error logging in: Operation `users.findOne()` buffering timed out after 10000ms
[ERROR][15:01]: Validation errors: [object Object],[object Object],[object Object],[object Object],[object Object],[object Object],[object Object],[object Object],[object Object],[object Object],[object Object],[object Object],[object Object],[object Object],[object Object],[object Object],[object Object],[object Object]
[ERROR][15:01]: Invalid draft content state: Missing blocks
[ERROR][15:01]: Error saving draft to database: Operation `users.findOne()` buffering timed out after 10000ms
[ERROR][15:08]: Error registering user: Operation `users.findOne()` buffering timed out after 10000ms
[ERROR][15:08]: Error logging in: Operation `users.findOne()` buffering timed out after 10000ms
[ERROR][15:08]: Validation errors: [object Object],[object Object],[object Object],[object Object],[object Object],[object Object],[object Object],[object Object],[object Object],[object Object],[object Object],[object Object],[object Object],[object Object],[object Object],[object Object],[object Object],[object Object]
[ERROR][15:08]: Invalid draft content state: Missing blocks
[ERROR][15:08]: Error saving draft to database: Operation `users.findOne()` buffering timed out after 10000ms
[ERROR][15:19]: Error registering user: Operation `users.findOne()` buffering timed out after 10000ms
[ERROR][15:19]: Error logging in: Operation `users.findOne()` buffering timed out after 10000ms
[ERROR][15:19]: Validation errors: [object Object],[object Object],[object Object],[object Object],[object Object],[object Object],[object Object],[object Object],[object Object],[object Object],[object Object],[object Object],[object Object],[object Object],[object Object],[object Object],[object Object],[object Object]
[ERROR][15:19]: Invalid draft content state: Missing blocks
[ERROR][15:20]: Error saving draft to database: Operation `users.findOne()` buffering timed out after 10000ms
[INFO][15:20]: undefined
[ERROR][15:20]: Invalid draft content state: Missing blocks
[ERROR][15:35]: Error registering user: Operation `users.findOne()` buffering timed out after 10000ms
[ERROR][15:35]: Error logging in: Operation `users.findOne()` buffering timed out after 10000ms
[ERROR][15:35]: Validation errors: [object Object],[object Object],[object Object],[object Object],[object Object],[object Object],[object Object],[object Object],[object Object],[object Object],[object Object],[object Object],[object Object],[object Object],[object Object],[object Object],[object Object],[object Object]
[ERROR][15:35]: Invalid draft content state: Missing blocks
[ERROR][15:35]: Error saving draft to database: Operation `users.findOne()` buffering timed out after 10000ms
[INFO][15:35]: undefined
[ERROR][15:35]: Invalid draft content state: Missing blocks
[ERROR][15:41]: Error registering user: Operation `users.findOne()` buffering timed out after 10000ms
[ERROR][15:41]: Error logging in: Operation `users.findOne()` buffering timed out after 10000ms
[ERROR][15:41]: Validation errors: [object Object],[object Object],[object Object],[object Object],[object Object],[object Object],[object Object],[object Object],[object Object],[object Object],[object Object],[object Object],[object Object],[object Object],[object Object],[object Object],[object Object],[object Object]
[ERROR][15:41]: Invalid draft content state: Missing blocks
[ERROR][15:41]: Error saving draft to database: Operation `users.findOne()` buffering timed out after 10000ms
[INFO][15:41]: undefined
[ERROR][15:41]: Invalid draft content state: Missing blocks
[ERROR][15:47]: Error registering user: Operation `users.findOne()` buffering timed out after 10000ms
[ERROR][15:47]: Error logging in: Operation `users.findOne()` buffering timed out after 10000ms
[ERROR][15:47]: Validation errors: [object Object],[object Object],[object Object],[object Object],[object Object],[object Object],[object Object],[object Object],[object Object],[object Object],[object Object],[object Object],[object Object],[object Object],[object Object],[object Object],[object Object],[object Object]
[ERROR][15:47]: Invalid draft content state: Missing blocks
[ERROR][15:47]: Error saving draft to database: Operation `users.findOne()` buffering timed out after 10000ms
[INFO][15:47]: undefined
[ERROR][15:47]: Invalid draft content state: Missing blocks
[ERROR][16:09]: Error registering user: Operation `users.findOne()` buffering timed out after 10000ms
[ERROR][16:09]: Error logging in: Operation `users.findOne()` buffering timed out after 10000ms
[ERROR][16:09]: Validation errors: [object Object],[object Object],[object Object],[object Object],[object Object],[object Object],[object Object],[object Object],[object Object],[object Object],[object Object],[object Object],[object Object],[object Object],[object Object],[object Object],[object Object],[object Object]
[ERROR][16:09]: Invalid draft content state: Missing blocks
[ERROR][16:09]: Error saving draft to database: Operation `users.findOne()` buffering timed out after 10000ms
[INFO][16:09]: undefined
[ERROR][16:09]: Invalid draft content state: Missing blocks
[ERROR][16:33]: Error registering user: Operation `users.findOne()` buffering timed out after 10000ms
[ERROR][16:33]: Error logging in: Operation `users.findOne()` buffering timed out after 10000ms
[ERROR][16:33]: Validation errors: [object Object],[object Object],[object Object],[object Object],[object Object],[object Object],[object Object],[object Object],[object Object],[object Object],[object Object],[object Object],[object Object],[object Object],[object Object],[object Object],[object Object],[object Object]
[ERROR][16:33]: Invalid draft content state: Missing blocks
[ERROR][16:34]: Error saving draft to database: Operation `users.findOne()` buffering timed out after 10000ms
[ERROR][16:43]: Error registering user: Operation `users.findOne()` buffering timed out after 10000ms
[ERROR][16:43]: Error logging in: Operation `users.findOne()` buffering timed out after 10000ms
[ERROR][16:43]: Validation errors: [object Object],[object Object],[object Object],[object Object],[object Object],[object Object],[object Object],[object Object],[object Object],[object Object],[object Object],[object Object],[object Object],[object Object],[object Object],[object Object],[object Object],[object Object]
[ERROR][16:43]: Invalid draft content state: Missing blocks
[ERROR][16:44]: Error saving draft to database: Operation `users.findOne()` buffering timed out after 10000ms
[ERROR][16:58]: Error registering user: Operation `users.findOne()` buffering timed out after 10000ms
[ERROR][16:58]: Error logging in: Operation `users.findOne()` buffering timed out after 10000ms
[ERROR][16:58]: Validation errors: [object Object],[object Object],[object Object],[object Object],[object Object],[object Object],[object Object],[object Object],[object Object],[object Object],[object Object],[object Object],[object Object],[object Object],[object Object],[object Object],[object Object],[object Object]
[ERROR][16:58]: Invalid draft content state: Missing blocks
[ERROR][16:58]: Error saving draft to database: Operation `users.findOne()` buffering timed out after 10000ms
[INFO][16:58]: undefined
[ERROR][16:58]: Invalid draft content state: Missing blocks
[INFO][17:00]: Server is running on port 3001
[INFO][17:00]: MongoDB connected successfully: ac-qmqonx3-shard-00-02.drldbfy.mongodb.net
[INFO][17:02]: Server is running on port 3001
[INFO][17:02]: MongoDB connected successfully: ac-qmqonx3-shard-00-02.drldbfy.mongodb.net
[INFO][17:03]: Server is running on port 3001
[INFO][17:03]: MongoDB connected successfully: ac-qmqonx3-shard-00-02.drldbfy.mongodb.net
[INFO][17:06]: Server is running on port 3001
[INFO][17:06]: Server is running on port 3001
[INFO][17:07]: MongoDB connected successfully: ac-qmqonx3-shard-00-00.drldbfy.mongodb.net
[ERROR][17:07]: Error registering user: Operation `users.findOne()` buffering timed out after 10000ms
[ERROR][17:07]: Error logging in: Operation `users.findOne()` buffering timed out after 10000ms
[ERROR][17:07]: Validation errors: [object Object],[object Object],[object Object],[object Object],[object Object],[object Object],[object Object],[object Object],[object Object],[object Object],[object Object],[object Object],[object Object],[object Object],[object Object],[object Object],[object Object],[object Object]
[ERROR][17:07]: Invalid draft content state: Missing blocks
[ERROR][17:07]: Error saving draft to database: Operation `users.findOne()` buffering timed out after 10000ms
[INFO][17:07]: undefined
[ERROR][17:07]: Invalid draft content state: Missing blocks
[ERROR][17:13]: Error registering user: Operation `users.findOne()` buffering timed out after 10000ms
[ERROR][17:14]: Error logging in: Operation `users.findOne()` buffering timed out after 10000ms
[ERROR][17:14]: Validation errors: [object Object],[object Object],[object Object],[object Object],[object Object],[object Object],[object Object],[object Object],[object Object],[object Object],[object Object],[object Object],[object Object],[object Object],[object Object],[object Object],[object Object],[object Object]
[ERROR][17:14]: Invalid draft content state: Missing blocks
[ERROR][17:14]: Error saving draft to database: Operation `users.findOne()` buffering timed out after 10000ms
[ERROR][17:17]: Error registering user: Operation `users.findOne()` buffering timed out after 10000ms
[ERROR][17:17]: Error logging in: Operation `users.findOne()` buffering timed out after 10000ms
[ERROR][17:17]: Validation errors: [object Object],[object Object],[object Object],[object Object],[object Object],[object Object],[object Object],[object Object],[object Object],[object Object],[object Object],[object Object],[object Object],[object Object],[object Object],[object Object],[object Object],[object Object]
[ERROR][17:17]: Invalid draft content state: Missing blocks
[ERROR][17:18]: Error saving draft to database: Operation `users.findOne()` buffering timed out after 10000ms
[ERROR][20:25]: Invalid draft content state: Missing blocks
[ERROR][21:10]: Error extracting text from URL: axios is not defined
[ERROR][21:10]: Error extracting text from URL: axios is not defined
[ERROR][21:10]: Invalid draft content state: Missing blocks
[ERROR][21:12]: Error extracting text from URL: Cannot read properties of undefined (reading 'get')
[ERROR][21:12]: Error extracting text from URL: Cannot read properties of undefined (reading 'get')
[ERROR][21:12]: Invalid draft content state: Missing blocks
[ERROR][21:14]: Error extracting text from URL: Cannot read properties of undefined (reading 'get')
[ERROR][21:14]: Error extracting text from URL: Cannot read properties of undefined (reading 'get')
[ERROR][21:14]: Invalid draft content state: Missing blocks
[ERROR][21:59]: Validation errors: [object Object],[object Object],[object Object],[object Object],[object Object],[object Object],[object Object],[object Object],[object Object],[object Object],[object Object],[object Object],[object Object],[object Object],[object Object],[object Object],[object Object],[object Object]
[ERROR][21:59]: Validation errors: [{"type":"field","msg":"Username is required","path":"username","location":"body"}]
[ERROR][21:59]: Validation errors: [{"type":"field","msg":"Email is required","path":"email","location":"body"}]
[ERROR][21:59]: Validation errors: [{"type":"field","msg":"Password is required","path":"password","location":"body"}]
[ERROR][21:59]: Validation errors: [{"type":"field","msg":"Password is required","path":"password","location":"body"}]
[ERROR][21:59]: Validation errors: [{"type":"field","value":"","msg":"Username is required","path":"username","location":"body"},{"type":"field","value":"","msg":"Password is required","path":"password","location":"body"}]
[ERROR][22:04]: Validation errors: [object Object],[object Object],[object Object],[object Object],[object Object],[object Object],[object Object],[object Object],[object Object],[object Object],[object Object],[object Object],[object Object],[object Object],[object Object],[object Object],[object Object],[object Object]
[ERROR][22:04]: Validation errors: [{"type":"field","msg":"Username is required","path":"username","location":"body"}]
[ERROR][22:04]: Validation errors: [{"type":"field","msg":"Email is required","path":"email","location":"body"}]
[ERROR][22:04]: Validation errors: [{"type":"field","msg":"Password is required","path":"password","location":"body"}]
[ERROR][22:04]: Validation errors: [{"type":"field","msg":"Password is required","path":"password","location":"body"}]
[ERROR][22:04]: Validation errors: [{"type":"field","value":"","msg":"Username is required","path":"username","location":"body"},{"type":"field","value":"","msg":"Password is required","path":"password","location":"body"}]
