{"/Users/reedvogt/Desktop/cover-letter-generator/src/app.js": {"path":"/Users/reedvogt/Desktop/cover-letter-generator/src/app.js","statementMap":{"0":{"start":{"line":1,"column":0},"end":{"line":1,"column":27}},"1":{"start":{"line":2,"column":16},"end":{"line":2,"column":34}},"2":{"start":{"line":3,"column":15},"end":{"line":3,"column":42}},"3":{"start":{"line":4,"column":29},"end":{"line":4,"column":53}},"4":{"start":{"line":5,"column":24},"end":{"line":5,"column":43}},"5":{"start":{"line":6,"column":25},"end":{"line":6,"column":62}},"6":{"start":{"line":7,"column":22},"end":{"line":7,"column":50}},"7":{"start":{"line":9,"column":12},"end":{"line":9,"column":21}},"8":{"start":{"line":12,"column":0},"end":{"line":12,"column":22}},"9":{"start":{"line":15,"column":0},"end":{"line":15,"column":17}},"10":{"start":{"line":19,"column":2},"end":{"line":19,"column":20}},"11":{"start":{"line":23,"column":0},"end":{"line":25,"column":1}},"12":{"start":{"line":24,"column":2},"end":{"line":24,"column":30}},"13":{"start":{"line":28,"column":0},"end":{"line":28,"column":22}},"14":{"start":{"line":30,"column":0},"end":{"line":33,"column":1}},"15":{"start":{"line":31,"column":15},"end":{"line":31,"column":39}},"16":{"start":{"line":32,"column":2},"end":{"line":32,"column":75}},"17":{"start":{"line":32,"column":25},"end":{"line":32,"column":73}},"18":{"start":{"line":35,"column":0},"end":{"line":35,"column":21}}},"fnMap":{"0":{"name":"main","decl":{"start":{"line":18,"column":15},"end":{"line":18,"column":19}},"loc":{"start":{"line":18,"column":22},"end":{"line":21,"column":1}},"line":18},"1":{"name":"(anonymous_1)","decl":{"start":{"line":32,"column":19},"end":{"line":32,"column":20}},"loc":{"start":{"line":32,"column":25},"end":{"line":32,"column":73}},"line":32}},"branchMap":{"0":{"loc":{"start":{"line":23,"column":0},"end":{"line":25,"column":1}},"type":"if","locations":[{"start":{"line":23,"column":0},"end":{"line":25,"column":1}},{"start":{},"end":{}}],"line":23},"1":{"loc":{"start":{"line":30,"column":0},"end":{"line":33,"column":1}},"type":"if","locations":[{"start":{"line":30,"column":0},"end":{"line":33,"column":1}},{"start":{},"end":{}}],"line":30},"2":{"loc":{"start":{"line":31,"column":15},"end":{"line":31,"column":39}},"type":"binary-expr","locations":[{"start":{"line":31,"column":15},"end":{"line":31,"column":31}},{"start":{"line":31,"column":35},"end":{"line":31,"column":39}}],"line":31}},"s":{"0":1,"1":1,"2":1,"3":1,"4":1,"5":1,"6":1,"7":1,"8":1,"9":1,"10":0,"11":1,"12":0,"13":1,"14":1,"15":0,"16":0,"17":0,"18":1},"f":{"0":0,"1":0},"b":{"0":[0,1],"1":[0,1],"2":[0,0]},"_coverageSchema":"1a1c01bbd47fc00a2c39e90264f33305004495a9","hash":"a0ddc9dbbd01d75bc6446c7545af5725504ed196"}
,"/Users/reedvogt/Desktop/cover-letter-generator/src/config/database.js": {"path":"/Users/reedvogt/Desktop/cover-letter-generator/src/config/database.js","statementMap":{"0":{"start":{"line":1,"column":17},"end":{"line":1,"column":36}},"1":{"start":{"line":2,"column":15},"end":{"line":2,"column":35}},"2":{"start":{"line":3,"column":15},"end":{"line":3,"column":27}},"3":{"start":{"line":5,"column":18},"end":{"line":16,"column":1}},"4":{"start":{"line":6,"column":2},"end":{"line":15,"column":3}},"5":{"start":{"line":8,"column":22},"end":{"line":8,"column":31}},"6":{"start":{"line":9,"column":17},"end":{"line":9,"column":50}},"7":{"start":{"line":10,"column":4},"end":{"line":10,"column":75}},"8":{"start":{"line":12,"column":4},"end":{"line":12,"column":64}},"9":{"start":{"line":13,"column":4},"end":{"line":13,"column":16}},"10":{"start":{"line":18,"column":0},"end":{"line":18,"column":31}}},"fnMap":{"0":{"name":"(anonymous_0)","decl":{"start":{"line":5,"column":18},"end":{"line":5,"column":19}},"loc":{"start":{"line":5,"column":30},"end":{"line":16,"column":1}},"line":5}},"branchMap":{},"s":{"0":2,"1":2,"2":2,"3":2,"4":2,"5":2,"6":2,"7":1,"8":1,"9":1,"10":2},"f":{"0":2},"b":{},"_coverageSchema":"1a1c01bbd47fc00a2c39e90264f33305004495a9","hash":"6fa3e79d0431e687199f53562fcb3abb948b9c09"}
,"/Users/reedvogt/Desktop/cover-letter-generator/src/config/index.js": {"path":"/Users/reedvogt/Desktop/cover-letter-generator/src/config/index.js","statementMap":{"0":{"start":{"line":5,"column":13},"end":{"line":5,"column":28}},"1":{"start":{"line":6,"column":20},"end":{"line":6,"column":48}},"2":{"start":{"line":7,"column":13},"end":{"line":7,"column":34}},"3":{"start":{"line":8,"column":19},"end":{"line":8,"column":46}},"4":{"start":{"line":9,"column":19},"end":{"line":9,"column":36}},"5":{"start":{"line":11,"column":15},"end":{"line":13,"column":2}},"6":{"start":{"line":14,"column":17},"end":{"line":21,"column":1}},"7":{"start":{"line":26,"column":0},"end":{"line":30,"column":41}}},"fnMap":{},"branchMap":{"0":{"loc":{"start":{"line":17,"column":10},"end":{"line":17,"column":34}},"type":"binary-expr","locations":[{"start":{"line":17,"column":10},"end":{"line":17,"column":26}},{"start":{"line":17,"column":30},"end":{"line":17,"column":34}}],"line":17},"1":{"loc":{"start":{"line":30,"column":2},"end":{"line":30,"column":39}},"type":"binary-expr","locations":[{"start":{"line":30,"column":2},"end":{"line":30,"column":22}},{"start":{"line":30,"column":26},"end":{"line":30,"column":39}}],"line":30}},"s":{"0":4,"1":4,"2":4,"3":4,"4":4,"5":4,"6":4,"7":4},"f":{},"b":{"0":[4,3],"1":[4,0]},"_coverageSchema":"1a1c01bbd47fc00a2c39e90264f33305004495a9","hash":"569eac35b29d12e3acb9d069c5126c7a8b711998"}
,"/Users/reedvogt/Desktop/cover-letter-generator/src/config/winston.js": {"path":"/Users/reedvogt/Desktop/cover-letter-generator/src/config/winston.js","statementMap":{"0":{"start":{"line":1,"column":16},"end":{"line":1,"column":34}},"1":{"start":{"line":2,"column":53},"end":{"line":2,"column":60}},"2":{"start":{"line":3,"column":49},"end":{"line":3,"column":55}},"3":{"start":{"line":4,"column":0},"end":{"line":4,"column":18}},"4":{"start":{"line":5,"column":0},"end":{"line":5,"column":37}},"5":{"start":{"line":6,"column":13},"end":{"line":6,"column":28}},"6":{"start":{"line":7,"column":31},"end":{"line":7,"column":50}},"7":{"start":{"line":8,"column":24},"end":{"line":8,"column":61}},"8":{"start":{"line":8,"column":30},"end":{"line":8,"column":61}},"9":{"start":{"line":9,"column":25},"end":{"line":12,"column":4}},"10":{"start":{"line":10,"column":2},"end":{"line":10,"column":40}},"11":{"start":{"line":11,"column":2},"end":{"line":11,"column":14}},"12":{"start":{"line":13,"column":18},"end":{"line":19,"column":1}},"13":{"start":{"line":14,"column":2},"end":{"line":18,"column":7}},"14":{"start":{"line":15,"column":4},"end":{"line":17,"column":5}},"15":{"start":{"line":16,"column":6},"end":{"line":16,"column":18}},"16":{"start":{"line":20,"column":22},"end":{"line":26,"column":1}},"17":{"start":{"line":25,"column":19},"end":{"line":25,"column":71}},"18":{"start":{"line":27,"column":25},"end":{"line":29,"column":2}},"19":{"start":{"line":30,"column":39},"end":{"line":44,"column":1}},"20":{"start":{"line":31,"column":2},"end":{"line":43,"column":5}},"21":{"start":{"line":41,"column":23},"end":{"line":41,"column":75}},"22":{"start":{"line":45,"column":29},"end":{"line":63,"column":2}},"23":{"start":{"line":60,"column":8},"end":{"line":60,"column":75}},"24":{"start":{"line":65,"column":15},"end":{"line":86,"column":2}},"25":{"start":{"line":70,"column":6},"end":{"line":70,"column":43}},"26":{"start":{"line":88,"column":0},"end":{"line":88,"column":28}},"27":{"start":{"line":90,"column":0},"end":{"line":90,"column":24}}},"fnMap":{"0":{"name":"(anonymous_0)","decl":{"start":{"line":8,"column":24},"end":{"line":8,"column":25}},"loc":{"start":{"line":8,"column":30},"end":{"line":8,"column":61}},"line":8},"1":{"name":"(anonymous_1)","decl":{"start":{"line":9,"column":32},"end":{"line":9,"column":33}},"loc":{"start":{"line":9,"column":42},"end":{"line":12,"column":1}},"line":9},"2":{"name":"(anonymous_2)","decl":{"start":{"line":13,"column":18},"end":{"line":13,"column":19}},"loc":{"start":{"line":13,"column":29},"end":{"line":19,"column":1}},"line":13},"3":{"name":"(anonymous_3)","decl":{"start":{"line":14,"column":16},"end":{"line":14,"column":17}},"loc":{"start":{"line":14,"column":26},"end":{"line":18,"column":3}},"line":14},"4":{"name":"(anonymous_4)","decl":{"start":{"line":25,"column":9},"end":{"line":25,"column":10}},"loc":{"start":{"line":25,"column":19},"end":{"line":25,"column":71}},"line":25},"5":{"name":"(anonymous_5)","decl":{"start":{"line":30,"column":39},"end":{"line":30,"column":40}},"loc":{"start":{"line":30,"column":50},"end":{"line":44,"column":1}},"line":30},"6":{"name":"(anonymous_6)","decl":{"start":{"line":41,"column":13},"end":{"line":41,"column":14}},"loc":{"start":{"line":41,"column":23},"end":{"line":41,"column":75}},"line":41},"7":{"name":"(anonymous_7)","decl":{"start":{"line":59,"column":6},"end":{"line":59,"column":7}},"loc":{"start":{"line":60,"column":8},"end":{"line":60,"column":75}},"line":60},"8":{"name":"(anonymous_8)","decl":{"start":{"line":69,"column":42},"end":{"line":69,"column":43}},"loc":{"start":{"line":70,"column":6},"end":{"line":70,"column":43}},"line":70}},"branchMap":{"0":{"loc":{"start":{"line":15,"column":4},"end":{"line":17,"column":5}},"type":"if","locations":[{"start":{"line":15,"column":4},"end":{"line":17,"column":5}},{"start":{},"end":{}}],"line":15}},"s":{"0":3,"1":3,"2":3,"3":3,"4":3,"5":3,"6":3,"7":3,"8":54,"9":3,"10":6,"11":6,"12":3,"13":21,"14":42,"15":6,"16":3,"17":6,"18":3,"19":3,"20":21,"21":6,"22":3,"23":6,"24":3,"25":21,"26":3,"27":3},"f":{"0":54,"1":6,"2":21,"3":42,"4":6,"5":21,"6":6,"7":6,"8":21},"b":{"0":[6,36]},"_coverageSchema":"1a1c01bbd47fc00a2c39e90264f33305004495a9","hash":"669926b477c004d7c50a71f4240ed64b5e13c4cc"}
,"/Users/reedvogt/Desktop/cover-letter-generator/src/config/env/development.js": {"path":"/Users/reedvogt/Desktop/cover-letter-generator/src/config/env/development.js","statementMap":{"0":{"start":{"line":5,"column":0},"end":{"line":7,"column":2}}},"fnMap":{},"branchMap":{"0":{"loc":{"start":{"line":6,"column":6},"end":{"line":6,"column":73}},"type":"binary-expr","locations":[{"start":{"line":6,"column":6},"end":{"line":6,"column":29}},{"start":{"line":6,"column":33},"end":{"line":6,"column":73}}],"line":6}},"s":{"0":5},"f":{},"b":{"0":[5,4]},"_coverageSchema":"1a1c01bbd47fc00a2c39e90264f33305004495a9","hash":"a098e527e3472bd5d15418d5b0b2f8750553effb"}
,"/Users/reedvogt/Desktop/cover-letter-generator/src/config/env/production.js": {"path":"/Users/reedvogt/Desktop/cover-letter-generator/src/config/env/production.js","statementMap":{"0":{"start":{"line":5,"column":0},"end":{"line":7,"column":2}}},"fnMap":{},"branchMap":{"0":{"loc":{"start":{"line":6,"column":6},"end":{"line":6,"column":72}},"type":"binary-expr","locations":[{"start":{"line":6,"column":6},"end":{"line":6,"column":29}},{"start":{"line":6,"column":33},"end":{"line":6,"column":72}}],"line":6}},"s":{"0":5},"f":{},"b":{"0":[5,4]},"_coverageSchema":"1a1c01bbd47fc00a2c39e90264f33305004495a9","hash":"a62f648c019eef869a99f34781d90f5c8b29d77a"}
,"/Users/reedvogt/Desktop/cover-letter-generator/src/config/env/test.js": {"path":"/Users/reedvogt/Desktop/cover-letter-generator/src/config/env/test.js","statementMap":{"0":{"start":{"line":5,"column":0},"end":{"line":23,"column":2}}},"fnMap":{},"branchMap":{"0":{"loc":{"start":{"line":6,"column":6},"end":{"line":6,"column":66}},"type":"binary-expr","locations":[{"start":{"line":6,"column":6},"end":{"line":6,"column":29}},{"start":{"line":6,"column":33},"end":{"line":6,"column":66}}],"line":6}},"s":{"0":4},"f":{},"b":{"0":[4,3]},"_coverageSchema":"1a1c01bbd47fc00a2c39e90264f33305004495a9","hash":"a08dafa317bb32efd608d719888b4f2dfb613a7f"}
,"/Users/reedvogt/Desktop/cover-letter-generator/src/controllers/coverLetterController.js": {"path":"/Users/reedvogt/Desktop/cover-letter-generator/src/controllers/coverLetterController.js","statementMap":{"0":{"start":{"line":1,"column":15},"end":{"line":1,"column":43}},"1":{"start":{"line":2,"column":18},"end":{"line":2,"column":50}},"2":{"start":{"line":3,"column":0},"end":{"line":22,"column":2}},"3":{"start":{"line":4,"column":2},"end":{"line":21,"column":3}},"4":{"start":{"line":5,"column":19},"end":{"line":5,"column":64}},"5":{"start":{"line":6,"column":51},"end":{"line":6,"column":57}},"6":{"start":{"line":8,"column":4},"end":{"line":15,"column":7}},"7":{"start":{"line":17,"column":4},"end":{"line":17,"column":68}},"8":{"start":{"line":18,"column":4},"end":{"line":20,"column":80}},"9":{"start":{"line":24,"column":0},"end":{"line":42,"column":2}},"10":{"start":{"line":25,"column":2},"end":{"line":41,"column":3}},"11":{"start":{"line":26,"column":43},"end":{"line":26,"column":51}},"12":{"start":{"line":27,"column":23},"end":{"line":31,"column":5}},"13":{"start":{"line":32,"column":4},"end":{"line":34,"column":5}},"14":{"start":{"line":33,"column":6},"end":{"line":33,"column":46}},"15":{"start":{"line":35,"column":4},"end":{"line":35,"column":66}},"16":{"start":{"line":37,"column":4},"end":{"line":37,"column":57}},"17":{"start":{"line":38,"column":4},"end":{"line":40,"column":69}}},"fnMap":{"0":{"name":"(anonymous_0)","decl":{"start":{"line":3,"column":19},"end":{"line":3,"column":20}},"loc":{"start":{"line":3,"column":39},"end":{"line":22,"column":1}},"line":3},"1":{"name":"(anonymous_1)","decl":{"start":{"line":24,"column":20},"end":{"line":24,"column":21}},"loc":{"start":{"line":24,"column":40},"end":{"line":42,"column":1}},"line":24}},"branchMap":{"0":{"loc":{"start":{"line":32,"column":4},"end":{"line":34,"column":5}},"type":"if","locations":[{"start":{"line":32,"column":4},"end":{"line":34,"column":5}},{"start":{},"end":{}}],"line":32}},"s":{"0":2,"1":2,"2":2,"3":2,"4":2,"5":1,"6":1,"7":1,"8":1,"9":2,"10":2,"11":2,"12":2,"13":1,"14":0,"15":1,"16":1,"17":1},"f":{"0":2,"1":2},"b":{"0":[0,1]},"_coverageSchema":"1a1c01bbd47fc00a2c39e90264f33305004495a9","hash":"3a2342352af3ee7c355e0c2a8eb35e1917088e8e"}
,"/Users/reedvogt/Desktop/cover-letter-generator/src/controllers/userController.js": {"path":"/Users/reedvogt/Desktop/cover-letter-generator/src/controllers/userController.js","statementMap":{"0":{"start":{"line":1,"column":13},"end":{"line":1,"column":38}},"1":{"start":{"line":2,"column":12},"end":{"line":2,"column":35}},"2":{"start":{"line":3,"column":15},"end":{"line":3,"column":32}},"3":{"start":{"line":4,"column":15},"end":{"line":4,"column":43}},"4":{"start":{"line":6,"column":0},"end":{"line":41,"column":2}},"5":{"start":{"line":7,"column":2},"end":{"line":40,"column":3}},"6":{"start":{"line":8,"column":42},"end":{"line":8,"column":50}},"7":{"start":{"line":9,"column":23},"end":{"line":9,"column":77}},"8":{"start":{"line":10,"column":4},"end":{"line":14,"column":5}},"9":{"start":{"line":11,"column":6},"end":{"line":13,"column":63}},"10":{"start":{"line":15,"column":27},"end":{"line":15,"column":58}},"11":{"start":{"line":16,"column":17},"end":{"line":22,"column":6}},"12":{"start":{"line":23,"column":4},"end":{"line":23,"column":22}},"13":{"start":{"line":24,"column":18},"end":{"line":26,"column":6}},"14":{"start":{"line":28,"column":4},"end":{"line":28,"column":53}},"15":{"start":{"line":29,"column":4},"end":{"line":34,"column":7}},"16":{"start":{"line":36,"column":4},"end":{"line":36,"column":61}},"17":{"start":{"line":37,"column":4},"end":{"line":39,"column":73}},"18":{"start":{"line":42,"column":0},"end":{"line":68,"column":2}},"19":{"start":{"line":43,"column":2},"end":{"line":67,"column":3}},"20":{"start":{"line":44,"column":35},"end":{"line":44,"column":43}},"21":{"start":{"line":45,"column":17},"end":{"line":45,"column":49}},"22":{"start":{"line":46,"column":4},"end":{"line":48,"column":5}},"23":{"start":{"line":47,"column":6},"end":{"line":47,"column":65}},"24":{"start":{"line":49,"column":26},"end":{"line":49,"column":65}},"25":{"start":{"line":50,"column":4},"end":{"line":52,"column":5}},"26":{"start":{"line":51,"column":6},"end":{"line":51,"column":79}},"27":{"start":{"line":53,"column":18},"end":{"line":55,"column":6}},"28":{"start":{"line":57,"column":4},"end":{"line":57,"column":52}},"29":{"start":{"line":58,"column":4},"end":{"line":63,"column":7}},"30":{"start":{"line":65,"column":4},"end":{"line":65,"column":55}},"31":{"start":{"line":66,"column":4},"end":{"line":66,"column":80}},"32":{"start":{"line":69,"column":0},"end":{"line":82,"column":2}},"33":{"start":{"line":70,"column":2},"end":{"line":81,"column":3}},"34":{"start":{"line":74,"column":4},"end":{"line":74,"column":21}},"35":{"start":{"line":75,"column":4},"end":{"line":75,"column":65}},"36":{"start":{"line":77,"column":4},"end":{"line":77,"column":56}},"37":{"start":{"line":78,"column":4},"end":{"line":80,"column":68}},"38":{"start":{"line":83,"column":0},"end":{"line":95,"column":2}},"39":{"start":{"line":84,"column":16},"end":{"line":84,"column":56}},"40":{"start":{"line":85,"column":2},"end":{"line":87,"column":3}},"41":{"start":{"line":86,"column":4},"end":{"line":86,"column":53}},"42":{"start":{"line":89,"column":2},"end":{"line":94,"column":5}},"43":{"start":{"line":90,"column":4},"end":{"line":92,"column":5}},"44":{"start":{"line":91,"column":6},"end":{"line":91,"column":51}},"45":{"start":{"line":93,"column":4},"end":{"line":93,"column":31}}},"fnMap":{"0":{"name":"(anonymous_0)","decl":{"start":{"line":6,"column":23},"end":{"line":6,"column":24}},"loc":{"start":{"line":6,"column":43},"end":{"line":41,"column":1}},"line":6},"1":{"name":"(anonymous_1)","decl":{"start":{"line":42,"column":20},"end":{"line":42,"column":21}},"loc":{"start":{"line":42,"column":40},"end":{"line":68,"column":1}},"line":42},"2":{"name":"(anonymous_2)","decl":{"start":{"line":69,"column":21},"end":{"line":69,"column":22}},"loc":{"start":{"line":69,"column":41},"end":{"line":82,"column":1}},"line":69},"3":{"name":"(anonymous_3)","decl":{"start":{"line":83,"column":24},"end":{"line":83,"column":25}},"loc":{"start":{"line":83,"column":44},"end":{"line":95,"column":1}},"line":83},"4":{"name":"(anonymous_4)","decl":{"start":{"line":89,"column":44},"end":{"line":89,"column":45}},"loc":{"start":{"line":89,"column":62},"end":{"line":94,"column":3}},"line":89}},"branchMap":{"0":{"loc":{"start":{"line":10,"column":4},"end":{"line":14,"column":5}},"type":"if","locations":[{"start":{"line":10,"column":4},"end":{"line":14,"column":5}},{"start":{},"end":{}}],"line":10},"1":{"loc":{"start":{"line":46,"column":4},"end":{"line":48,"column":5}},"type":"if","locations":[{"start":{"line":46,"column":4},"end":{"line":48,"column":5}},{"start":{},"end":{}}],"line":46},"2":{"loc":{"start":{"line":50,"column":4},"end":{"line":52,"column":5}},"type":"if","locations":[{"start":{"line":50,"column":4},"end":{"line":52,"column":5}},{"start":{},"end":{}}],"line":50},"3":{"loc":{"start":{"line":85,"column":2},"end":{"line":87,"column":3}},"type":"if","locations":[{"start":{"line":85,"column":2},"end":{"line":87,"column":3}},{"start":{},"end":{}}],"line":85},"4":{"loc":{"start":{"line":90,"column":4},"end":{"line":92,"column":5}},"type":"if","locations":[{"start":{"line":90,"column":4},"end":{"line":92,"column":5}},{"start":{},"end":{}}],"line":90}},"s":{"0":2,"1":2,"2":2,"3":2,"4":2,"5":2,"6":2,"7":2,"8":2,"9":1,"10":1,"11":1,"12":1,"13":1,"14":1,"15":1,"16":0,"17":0,"18":2,"19":3,"20":3,"21":3,"22":3,"23":1,"24":2,"25":2,"26":1,"27":1,"28":1,"29":1,"30":0,"31":0,"32":2,"33":1,"34":1,"35":1,"36":0,"37":0,"38":2,"39":3,"40":3,"41":1,"42":2,"43":2,"44":1,"45":1},"f":{"0":2,"1":3,"2":1,"3":3,"4":2},"b":{"0":[1,1],"1":[1,2],"2":[1,1],"3":[1,2],"4":[1,1]},"_coverageSchema":"1a1c01bbd47fc00a2c39e90264f33305004495a9","hash":"2677238191d4777429df53f47e18ec987286bc6e"}
,"/Users/reedvogt/Desktop/cover-letter-generator/src/middlewares/errorHandler.js": {"path":"/Users/reedvogt/Desktop/cover-letter-generator/src/middlewares/errorHandler.js","statementMap":{"0":{"start":{"line":1,"column":15},"end":{"line":1,"column":43}},"1":{"start":{"line":3,"column":0},"end":{"line":8,"column":2}},"2":{"start":{"line":4,"column":2},"end":{"line":4,"column":40}},"3":{"start":{"line":5,"column":2},"end":{"line":7,"column":59}}},"fnMap":{"0":{"name":"(anonymous_0)","decl":{"start":{"line":3,"column":23},"end":{"line":3,"column":24}},"loc":{"start":{"line":3,"column":48},"end":{"line":8,"column":1}},"line":3}},"branchMap":{"0":{"loc":{"start":{"line":6,"column":12},"end":{"line":6,"column":29}},"type":"binary-expr","locations":[{"start":{"line":6,"column":12},"end":{"line":6,"column":22}},{"start":{"line":6,"column":26},"end":{"line":6,"column":29}}],"line":6}},"s":{"0":2,"1":2,"2":2,"3":2},"f":{"0":2},"b":{"0":[2,0]},"_coverageSchema":"1a1c01bbd47fc00a2c39e90264f33305004495a9","hash":"753dec090f267f292ec85ce85a0ca50f80740945"}
,"/Users/reedvogt/Desktop/cover-letter-generator/src/middlewares/index.js": {"path":"/Users/reedvogt/Desktop/cover-letter-generator/src/middlewares/index.js","statementMap":{"0":{"start":{"line":1,"column":13},"end":{"line":1,"column":28}},"1":{"start":{"line":2,"column":15},"end":{"line":2,"column":32}},"2":{"start":{"line":3,"column":20},"end":{"line":3,"column":42}},"3":{"start":{"line":4,"column":21},"end":{"line":4,"column":45}},"4":{"start":{"line":8,"column":18},"end":{"line":8,"column":47}},"5":{"start":{"line":9,"column":16},"end":{"line":9,"column":34}},"6":{"start":{"line":10,"column":29},"end":{"line":10,"column":58}},"7":{"start":{"line":12,"column":0},"end":{"line":42,"column":2}},"8":{"start":{"line":13,"column":2},"end":{"line":13,"column":20}},"9":{"start":{"line":14,"column":2},"end":{"line":14,"column":28}},"10":{"start":{"line":15,"column":2},"end":{"line":15,"column":43}},"11":{"start":{"line":16,"column":2},"end":{"line":16,"column":26}},"12":{"start":{"line":17,"column":2},"end":{"line":17,"column":18}},"13":{"start":{"line":18,"column":2},"end":{"line":18,"column":26}},"14":{"start":{"line":36,"column":2},"end":{"line":41,"column":4}}},"fnMap":{"0":{"name":"(anonymous_0)","decl":{"start":{"line":12,"column":27},"end":{"line":12,"column":28}},"loc":{"start":{"line":12,"column":36},"end":{"line":42,"column":1}},"line":12}},"branchMap":{},"s":{"0":1,"1":1,"2":1,"3":1,"4":1,"5":1,"6":1,"7":1,"8":1,"9":1,"10":1,"11":1,"12":1,"13":1,"14":1},"f":{"0":1},"b":{},"_coverageSchema":"1a1c01bbd47fc00a2c39e90264f33305004495a9","hash":"921a0f545e3a263a9e83d60d186f37006280ae7a"}
,"/Users/reedvogt/Desktop/cover-letter-generator/src/middlewares/morganMiddleware.js": {"path":"/Users/reedvogt/Desktop/cover-letter-generator/src/middlewares/morganMiddleware.js","statementMap":{"0":{"start":{"line":1,"column":15},"end":{"line":1,"column":32}},"1":{"start":{"line":2,"column":0},"end":{"line":2,"column":18}},"2":{"start":{"line":4,"column":0},"end":{"line":4,"column":65}},"3":{"start":{"line":4,"column":39},"end":{"line":4,"column":63}},"4":{"start":{"line":5,"column":0},"end":{"line":10,"column":3}},"5":{"start":{"line":6,"column":17},"end":{"line":6,"column":31}},"6":{"start":{"line":8,"column":4},"end":{"line":8,"column":67}},"7":{"start":{"line":9,"column":2},"end":{"line":9,"column":31}},"8":{"start":{"line":11,"column":25},"end":{"line":14,"column":2}},"9":{"start":{"line":13,"column":2},"end":{"line":13,"column":140}},"10":{"start":{"line":16,"column":0},"end":{"line":18,"column":2}}},"fnMap":{"0":{"name":"(anonymous_0)","decl":{"start":{"line":4,"column":30},"end":{"line":4,"column":31}},"loc":{"start":{"line":4,"column":39},"end":{"line":4,"column":63}},"line":4},"1":{"name":"(anonymous_1)","decl":{"start":{"line":5,"column":30},"end":{"line":5,"column":31}},"loc":{"start":{"line":5,"column":44},"end":{"line":10,"column":1}},"line":5},"2":{"name":"(anonymous_2)","decl":{"start":{"line":11,"column":32},"end":{"line":11,"column":33}},"loc":{"start":{"line":11,"column":54},"end":{"line":14,"column":1}},"line":11}},"branchMap":{"0":{"loc":{"start":{"line":8,"column":4},"end":{"line":8,"column":67}},"type":"cond-expr","locations":[{"start":{"line":8,"column":20},"end":{"line":8,"column":41}},{"start":{"line":8,"column":44},"end":{"line":8,"column":67}}],"line":8}},"s":{"0":1,"1":1,"2":1,"3":103,"4":1,"5":103,"6":103,"7":103,"8":1,"9":103,"10":1},"f":{"0":103,"1":103,"2":103},"b":{"0":[3,100]},"_coverageSchema":"1a1c01bbd47fc00a2c39e90264f33305004495a9","hash":"3139025302b6068c12c64f5771b0f9abfecc2398"}
,"/Users/reedvogt/Desktop/cover-letter-generator/src/middlewares/validationMiddleware.js": {"path":"/Users/reedvogt/Desktop/cover-letter-generator/src/middlewares/validationMiddleware.js","statementMap":{"0":{"start":{"line":1,"column":36},"end":{"line":1,"column":64}},"1":{"start":{"line":2,"column":15},"end":{"line":2,"column":43}},"2":{"start":{"line":4,"column":0},"end":{"line":60,"column":2}},"3":{"start":{"line":53,"column":19},"end":{"line":53,"column":40}},"4":{"start":{"line":54,"column":4},"end":{"line":57,"column":5}},"5":{"start":{"line":55,"column":6},"end":{"line":55,"column":59}},"6":{"start":{"line":56,"column":6},"end":{"line":56,"column":62}},"7":{"start":{"line":58,"column":4},"end":{"line":58,"column":11}},"8":{"start":{"line":62,"column":0},"end":{"line":77,"column":2}},"9":{"start":{"line":70,"column":19},"end":{"line":70,"column":40}},"10":{"start":{"line":71,"column":4},"end":{"line":74,"column":5}},"11":{"start":{"line":72,"column":6},"end":{"line":72,"column":75}},"12":{"start":{"line":73,"column":6},"end":{"line":73,"column":62}},"13":{"start":{"line":75,"column":4},"end":{"line":75,"column":11}},"14":{"start":{"line":79,"column":0},"end":{"line":93,"column":2}},"15":{"start":{"line":86,"column":19},"end":{"line":86,"column":40}},"16":{"start":{"line":87,"column":4},"end":{"line":90,"column":5}},"17":{"start":{"line":88,"column":6},"end":{"line":88,"column":75}},"18":{"start":{"line":89,"column":6},"end":{"line":89,"column":62}},"19":{"start":{"line":91,"column":4},"end":{"line":91,"column":11}}},"fnMap":{"0":{"name":"(anonymous_0)","decl":{"start":{"line":52,"column":2},"end":{"line":52,"column":3}},"loc":{"start":{"line":52,"column":22},"end":{"line":59,"column":3}},"line":52},"1":{"name":"(anonymous_1)","decl":{"start":{"line":66,"column":2},"end":{"line":66,"column":3}},"loc":{"start":{"line":66,"column":22},"end":{"line":76,"column":3}},"line":66},"2":{"name":"(anonymous_2)","decl":{"start":{"line":82,"column":2},"end":{"line":82,"column":3}},"loc":{"start":{"line":82,"column":22},"end":{"line":92,"column":3}},"line":82}},"branchMap":{"0":{"loc":{"start":{"line":54,"column":4},"end":{"line":57,"column":5}},"type":"if","locations":[{"start":{"line":54,"column":4},"end":{"line":57,"column":5}},{"start":{},"end":{}}],"line":54},"1":{"loc":{"start":{"line":71,"column":4},"end":{"line":74,"column":5}},"type":"if","locations":[{"start":{"line":71,"column":4},"end":{"line":74,"column":5}},{"start":{},"end":{}}],"line":71},"2":{"loc":{"start":{"line":87,"column":4},"end":{"line":90,"column":5}},"type":"if","locations":[{"start":{"line":87,"column":4},"end":{"line":90,"column":5}},{"start":{},"end":{}}],"line":87}},"s":{"0":2,"1":2,"2":2,"3":2,"4":2,"5":1,"6":1,"7":1,"8":2,"9":3,"10":3,"11":3,"12":3,"13":0,"14":2,"15":3,"16":3,"17":2,"18":2,"19":1},"f":{"0":2,"1":3,"2":3},"b":{"0":[1,1],"1":[3,0],"2":[2,1]},"_coverageSchema":"1a1c01bbd47fc00a2c39e90264f33305004495a9","hash":"5f94b30c6ed1cffb52afa65f91e64f602fdcb7ad"}
,"/Users/reedvogt/Desktop/cover-letter-generator/src/models/User.js": {"path":"/Users/reedvogt/Desktop/cover-letter-generator/src/models/User.js","statementMap":{"0":{"start":{"line":1,"column":17},"end":{"line":1,"column":36}},"1":{"start":{"line":2,"column":15},"end":{"line":2,"column":32}},"2":{"start":{"line":4,"column":26},"end":{"line":18,"column":1}},"3":{"start":{"line":20,"column":19},"end":{"line":43,"column":2}},"4":{"start":{"line":46,"column":0},"end":{"line":59,"column":3}},"5":{"start":{"line":47,"column":2},"end":{"line":47,"column":30}},"6":{"start":{"line":48,"column":2},"end":{"line":58,"column":3}},"7":{"start":{"line":49,"column":4},"end":{"line":55,"column":7}},"8":{"start":{"line":50,"column":6},"end":{"line":52,"column":7}},"9":{"start":{"line":51,"column":8},"end":{"line":51,"column":25}},"10":{"start":{"line":53,"column":6},"end":{"line":53,"column":27}},"11":{"start":{"line":54,"column":6},"end":{"line":54,"column":13}},"12":{"start":{"line":57,"column":4},"end":{"line":57,"column":11}},"13":{"start":{"line":61,"column":13},"end":{"line":61,"column":47}},"14":{"start":{"line":62,"column":0},"end":{"line":62,"column":22}}},"fnMap":{"0":{"name":"(anonymous_0)","decl":{"start":{"line":46,"column":23},"end":{"line":46,"column":24}},"loc":{"start":{"line":46,"column":39},"end":{"line":59,"column":1}},"line":46},"1":{"name":"(anonymous_1)","decl":{"start":{"line":49,"column":35},"end":{"line":49,"column":36}},"loc":{"start":{"line":49,"column":50},"end":{"line":55,"column":5}},"line":49}},"branchMap":{"0":{"loc":{"start":{"line":48,"column":2},"end":{"line":58,"column":3}},"type":"if","locations":[{"start":{"line":48,"column":2},"end":{"line":58,"column":3}},{"start":{"line":56,"column":9},"end":{"line":58,"column":3}}],"line":48},"1":{"loc":{"start":{"line":50,"column":6},"end":{"line":52,"column":7}},"type":"if","locations":[{"start":{"line":50,"column":6},"end":{"line":52,"column":7}},{"start":{},"end":{}}],"line":50}},"s":{"0":3,"1":3,"2":3,"3":3,"4":3,"5":0,"6":0,"7":0,"8":0,"9":0,"10":0,"11":0,"12":0,"13":3,"14":3},"f":{"0":0,"1":0},"b":{"0":[0,0],"1":[0,0]},"_coverageSchema":"1a1c01bbd47fc00a2c39e90264f33305004495a9","hash":"dc7899ec9df9bb43fd49f3323fea6c9dfa1b4ae1"}
,"/Users/reedvogt/Desktop/cover-letter-generator/src/routes/coverLetterRoutes.js": {"path":"/Users/reedvogt/Desktop/cover-letter-generator/src/routes/coverLetterRoutes.js","statementMap":{"0":{"start":{"line":1,"column":16},"end":{"line":1,"column":34}},"1":{"start":{"line":2,"column":15},"end":{"line":2,"column":31}},"2":{"start":{"line":3,"column":30},"end":{"line":3,"column":77}},"3":{"start":{"line":4,"column":29},"end":{"line":4,"column":75}},"4":{"start":{"line":6,"column":0},"end":{"line":10,"column":2}},"5":{"start":{"line":11,"column":0},"end":{"line":11,"column":60}},"6":{"start":{"line":13,"column":0},"end":{"line":13,"column":24}}},"fnMap":{},"branchMap":{},"s":{"0":2,"1":2,"2":2,"3":2,"4":2,"5":2,"6":2},"f":{},"b":{},"_coverageSchema":"1a1c01bbd47fc00a2c39e90264f33305004495a9","hash":"b9ffff218a35d2a07fa2a2d3bd3be5b3c5c2cd67"}
,"/Users/reedvogt/Desktop/cover-letter-generator/src/routes/index.js": {"path":"/Users/reedvogt/Desktop/cover-letter-generator/src/routes/index.js","statementMap":{"0":{"start":{"line":1,"column":19},"end":{"line":1,"column":42}},"1":{"start":{"line":2,"column":26},"end":{"line":2,"column":56}},"2":{"start":{"line":4,"column":0},"end":{"line":7,"column":2}},"3":{"start":{"line":5,"column":2},"end":{"line":5,"column":35}},"4":{"start":{"line":6,"column":2},"end":{"line":6,"column":50}}},"fnMap":{"0":{"name":"(anonymous_0)","decl":{"start":{"line":4,"column":22},"end":{"line":4,"column":23}},"loc":{"start":{"line":4,"column":31},"end":{"line":7,"column":1}},"line":4}},"branchMap":{},"s":{"0":2,"1":2,"2":2,"3":3,"4":3},"f":{"0":3},"b":{},"_coverageSchema":"1a1c01bbd47fc00a2c39e90264f33305004495a9","hash":"698e84f5c38f6d4c60e6cd15482446c0911664f0"}
,"/Users/reedvogt/Desktop/cover-letter-generator/src/routes/userRoutes.js": {"path":"/Users/reedvogt/Desktop/cover-letter-generator/src/routes/userRoutes.js","statementMap":{"0":{"start":{"line":1,"column":16},"end":{"line":1,"column":34}},"1":{"start":{"line":2,"column":15},"end":{"line":2,"column":31}},"2":{"start":{"line":3,"column":29},"end":{"line":3,"column":75}},"3":{"start":{"line":4,"column":23},"end":{"line":4,"column":63}},"4":{"start":{"line":6,"column":0},"end":{"line":10,"column":2}},"5":{"start":{"line":11,"column":0},"end":{"line":15,"column":2}},"6":{"start":{"line":16,"column":0},"end":{"line":16,"column":49}},"7":{"start":{"line":17,"column":0},"end":{"line":17,"column":60}},"8":{"start":{"line":19,"column":0},"end":{"line":19,"column":24}}},"fnMap":{},"branchMap":{},"s":{"0":2,"1":2,"2":2,"3":2,"4":2,"5":2,"6":2,"7":2,"8":2},"f":{},"b":{},"_coverageSchema":"1a1c01bbd47fc00a2c39e90264f33305004495a9","hash":"209c93eae831ded6e91303c3f76dad880ecbabb4"}
,"/Users/reedvogt/Desktop/cover-letter-generator/src/services/aiService.js": {"path":"/Users/reedvogt/Desktop/cover-letter-generator/src/services/aiService.js","statementMap":{"0":{"start":{"line":1,"column":15},"end":{"line":1,"column":41}},"1":{"start":{"line":2,"column":15},"end":{"line":2,"column":43}},"2":{"start":{"line":3,"column":13},"end":{"line":3,"column":38}},"3":{"start":{"line":4,"column":48},"end":{"line":4,"column":67}},"4":{"start":{"line":6,"column":0},"end":{"line":84,"column":2}},"5":{"start":{"line":26,"column":6},"end":{"line":26,"column":13}},"6":{"start":{"line":27,"column":17},"end":{"line":27,"column":197}},"7":{"start":{"line":28,"column":2},"end":{"line":83,"column":3}},"8":{"start":{"line":29,"column":21},"end":{"line":37,"column":6}},"9":{"start":{"line":38,"column":34},"end":{"line":38,"column":65}},"10":{"start":{"line":40,"column":25},"end":{"line":58,"column":5}},"11":{"start":{"line":59,"column":26},"end":{"line":62,"column":5}},"12":{"start":{"line":61,"column":17},"end":{"line":61,"column":36}},"13":{"start":{"line":63,"column":28},"end":{"line":63,"column":79}},"14":{"start":{"line":64,"column":30},"end":{"line":75,"column":5}},"15":{"start":{"line":66,"column":62},"end":{"line":74,"column":7}},"16":{"start":{"line":76,"column":4},"end":{"line":79,"column":6}},"17":{"start":{"line":81,"column":4},"end":{"line":81,"column":68}},"18":{"start":{"line":82,"column":4},"end":{"line":82,"column":16}},"19":{"start":{"line":85,"column":0},"end":{"line":105,"column":2}},"20":{"start":{"line":86,"column":2},"end":{"line":104,"column":3}},"21":{"start":{"line":87,"column":22},"end":{"line":87,"column":66}},"22":{"start":{"line":88,"column":17},"end":{"line":88,"column":44}},"23":{"start":{"line":89,"column":4},"end":{"line":91,"column":5}},"24":{"start":{"line":90,"column":6},"end":{"line":90,"column":40}},"25":{"start":{"line":92,"column":21},"end":{"line":92,"column":58}},"26":{"start":{"line":93,"column":4},"end":{"line":98,"column":7}},"27":{"start":{"line":99,"column":4},"end":{"line":99,"column":22}},"28":{"start":{"line":100,"column":4},"end":{"line":100,"column":43}},"29":{"start":{"line":102,"column":4},"end":{"line":102,"column":69}},"30":{"start":{"line":103,"column":4},"end":{"line":103,"column":16}}},"fnMap":{"0":{"name":"(anonymous_0)","decl":{"start":{"line":6,"column":30},"end":{"line":6,"column":31}},"loc":{"start":{"line":6,"column":49},"end":{"line":84,"column":1}},"line":6},"1":{"name":"(anonymous_1)","decl":{"start":{"line":61,"column":6},"end":{"line":61,"column":7}},"loc":{"start":{"line":61,"column":17},"end":{"line":61,"column":36}},"line":61},"2":{"name":"(anonymous_2)","decl":{"start":{"line":66,"column":44},"end":{"line":66,"column":45}},"loc":{"start":{"line":66,"column":62},"end":{"line":74,"column":7}},"line":66},"3":{"name":"(anonymous_3)","decl":{"start":{"line":85,"column":30},"end":{"line":85,"column":31}},"loc":{"start":{"line":85,"column":70},"end":{"line":105,"column":1}},"line":85}},"branchMap":{"0":{"loc":{"start":{"line":89,"column":4},"end":{"line":91,"column":5}},"type":"if","locations":[{"start":{"line":89,"column":4},"end":{"line":91,"column":5}},{"start":{},"end":{}}],"line":89}},"s":{"0":2,"1":2,"2":2,"3":2,"4":2,"5":2,"6":2,"7":2,"8":2,"9":1,"10":1,"11":1,"12":0,"13":1,"14":1,"15":1,"16":1,"17":1,"18":1,"19":2,"20":3,"21":3,"22":3,"23":2,"24":1,"25":1,"26":1,"27":1,"28":1,"29":2,"30":2},"f":{"0":2,"1":0,"2":1,"3":3},"b":{"0":[1,1]},"_coverageSchema":"1a1c01bbd47fc00a2c39e90264f33305004495a9","hash":"723a4931afd8e84a56e7e4d48e032b168f21e9ec"}
,"/Users/reedvogt/Desktop/cover-letter-generator/src/utils/index.js": {"path":"/Users/reedvogt/Desktop/cover-letter-generator/src/utils/index.js","statementMap":{"0":{"start":{"line":1,"column":16},"end":{"line":1,"column":34}},"1":{"start":{"line":2,"column":15},"end":{"line":2,"column":43}},"2":{"start":{"line":3,"column":27},"end":{"line":3,"column":43}},"3":{"start":{"line":7,"column":20},"end":{"line":7,"column":41}},"4":{"start":{"line":10,"column":27},"end":{"line":10,"column":61}},"5":{"start":{"line":10,"column":50},"end":{"line":10,"column":60}},"6":{"start":{"line":12,"column":2},"end":{"line":12,"column":26}},"7":{"start":{"line":16,"column":2},"end":{"line":32,"column":3}},"8":{"start":{"line":17,"column":21},"end":{"line":17,"column":41}},"9":{"start":{"line":18,"column":17},"end":{"line":18,"column":30}},"10":{"start":{"line":19,"column":14},"end":{"line":19,"column":32}},"11":{"start":{"line":21,"column":17},"end":{"line":21,"column":19}},"12":{"start":{"line":22,"column":4},"end":{"line":24,"column":7}},"13":{"start":{"line":23,"column":6},"end":{"line":23,"column":42}},"14":{"start":{"line":26,"column":18},"end":{"line":26,"column":72}},"15":{"start":{"line":26,"column":37},"end":{"line":26,"column":48}},"16":{"start":{"line":26,"column":67},"end":{"line":26,"column":71}},"17":{"start":{"line":27,"column":21},"end":{"line":27,"column":57}},"18":{"start":{"line":28,"column":4},"end":{"line":28,"column":20}},"19":{"start":{"line":30,"column":4},"end":{"line":30,"column":59}},"20":{"start":{"line":31,"column":4},"end":{"line":31,"column":16}},"21":{"start":{"line":36,"column":2},"end":{"line":39,"column":3}},"22":{"start":{"line":37,"column":4},"end":{"line":37,"column":64}},"23":{"start":{"line":38,"column":4},"end":{"line":38,"column":14}},"24":{"start":{"line":40,"column":20},"end":{"line":42,"column":15}},"25":{"start":{"line":41,"column":20},"end":{"line":41,"column":30}},"26":{"start":{"line":44,"column":2},"end":{"line":44,"column":19}},"27":{"start":{"line":47,"column":0},"end":{"line":51,"column":2}}},"fnMap":{"0":{"name":"splitTextDocuments","decl":{"start":{"line":4,"column":9},"end":{"line":4,"column":27}},"loc":{"start":{"line":4,"column":34},"end":{"line":13,"column":1}},"line":4},"1":{"name":"(anonymous_1)","decl":{"start":{"line":10,"column":41},"end":{"line":10,"column":42}},"loc":{"start":{"line":10,"column":50},"end":{"line":10,"column":60}},"line":10},"2":{"name":"extractTextFromUrl","decl":{"start":{"line":15,"column":15},"end":{"line":15,"column":33}},"loc":{"start":{"line":15,"column":39},"end":{"line":33,"column":1}},"line":15},"3":{"name":"(anonymous_3)","decl":{"start":{"line":22,"column":36},"end":{"line":22,"column":37}},"loc":{"start":{"line":22,"column":56},"end":{"line":24,"column":5}},"line":22},"4":{"name":"(anonymous_4)","decl":{"start":{"line":26,"column":27},"end":{"line":26,"column":28}},"loc":{"start":{"line":26,"column":37},"end":{"line":26,"column":48}},"line":26},"5":{"name":"(anonymous_5)","decl":{"start":{"line":26,"column":57},"end":{"line":26,"column":58}},"loc":{"start":{"line":26,"column":67},"end":{"line":26,"column":71}},"line":26},"6":{"name":"convertDraftContentStateToPlainText","decl":{"start":{"line":35,"column":9},"end":{"line":35,"column":44}},"loc":{"start":{"line":35,"column":64},"end":{"line":45,"column":1}},"line":35},"7":{"name":"(anonymous_7)","decl":{"start":{"line":41,"column":9},"end":{"line":41,"column":10}},"loc":{"start":{"line":41,"column":20},"end":{"line":41,"column":30}},"line":41}},"branchMap":{"0":{"loc":{"start":{"line":36,"column":2},"end":{"line":39,"column":3}},"type":"if","locations":[{"start":{"line":36,"column":2},"end":{"line":39,"column":3}},{"start":{},"end":{}}],"line":36}},"s":{"0":3,"1":3,"2":3,"3":3,"4":3,"5":5,"6":3,"7":2,"8":2,"9":1,"10":1,"11":1,"12":1,"13":2,"14":1,"15":2,"16":2,"17":1,"18":1,"19":1,"20":1,"21":2,"22":1,"23":1,"24":1,"25":2,"26":1,"27":3},"f":{"0":3,"1":5,"2":2,"3":2,"4":2,"5":2,"6":2,"7":2},"b":{"0":[1,1]},"_coverageSchema":"1a1c01bbd47fc00a2c39e90264f33305004495a9","hash":"e8d686c2519166990cf781284987c164edf22e47"}
}
