TN:
SF:src/config/database.js
FN:5,(anonymous_0)
FNF:1
FNH:1
FNDA:2,(anonymous_0)
DA:1,1
DA:2,1
DA:3,1
DA:5,1
DA:6,2
DA:7,2
DA:8,1
DA:10,1
DA:11,1
LF:9
LH:9
BRF:0
BRH:0
end_of_record
TN:
SF:src/config/index.js
FNF:0
FNH:0
DA:5,4
DA:6,4
DA:7,4
DA:8,4
DA:9,4
DA:11,4
DA:14,4
DA:26,4
LF:8
LH:8
BRDA:17,0,0,4
BRDA:17,0,1,4
BRDA:30,1,0,4
BRDA:30,1,1,0
BRF:4
BRH:3
end_of_record
TN:
SF:src/config/winston.js
FN:8,(anonymous_0)
FN:9,(anonymous_1)
FN:13,(anonymous_2)
FN:14,(anonymous_3)
FN:25,(anonymous_4)
FN:30,(anonymous_5)
FN:41,(anonymous_6)
FN:59,(anonymous_7)
FN:69,(anonymous_8)
FNF:9
FNH:3
FNDA:0,(anonymous_0)
FNDA:0,(anonymous_1)
FNDA:7,(anonymous_2)
FNDA:0,(anonymous_3)
FNDA:0,(anonymous_4)
FNDA:7,(anonymous_5)
FNDA:0,(anonymous_6)
FNDA:0,(anonymous_7)
FNDA:7,(anonymous_8)
DA:1,1
DA:2,1
DA:3,1
DA:4,1
DA:5,1
DA:6,1
DA:7,1
DA:8,1
DA:9,1
DA:10,0
DA:11,0
DA:13,1
DA:14,7
DA:15,0
DA:16,0
DA:20,1
DA:25,0
DA:27,1
DA:30,1
DA:31,7
DA:41,0
DA:45,1
DA:60,0
DA:65,1
DA:70,7
DA:88,1
DA:90,1
LF:27
LH:20
BRDA:15,0,0,0
BRDA:15,0,1,0
BRF:2
BRH:0
end_of_record
TN:
SF:src/config/env/development.js
FNF:0
FNH:0
DA:5,5
LF:1
LH:1
BRDA:6,0,0,5
BRDA:6,0,1,5
BRF:2
BRH:2
end_of_record
TN:
SF:src/config/env/production.js
FNF:0
FNH:0
DA:5,5
LF:1
LH:1
BRDA:6,0,0,5
BRDA:6,0,1,5
BRF:2
BRH:2
end_of_record
TN:
SF:src/config/env/test.js
FNF:0
FNH:0
DA:5,4
LF:1
LH:1
BRDA:6,0,0,4
BRDA:6,0,1,4
BRF:2
BRH:2
end_of_record
TN:
SF:src/controllers/coverLetterController.js
FN:3,(anonymous_0)
FN:22,(anonymous_1)
FNF:2
FNH:0
FNDA:0,(anonymous_0)
FNDA:0,(anonymous_1)
DA:1,1
DA:2,1
DA:3,1
DA:4,0
DA:5,0
DA:6,0
DA:8,0
DA:17,0
DA:18,0
DA:22,1
DA:23,0
DA:24,0
DA:25,0
DA:30,0
DA:32,0
DA:33,0
DA:34,0
LF:17
LH:4
BRF:0
BRH:0
end_of_record
TN:
SF:src/controllers/userController.js
FN:6,(anonymous_0)
FN:42,(anonymous_1)
FN:69,(anonymous_2)
FN:81,(anonymous_3)
FN:87,(anonymous_4)
FNF:5
FNH:0
FNDA:0,(anonymous_0)
FNDA:0,(anonymous_1)
FNDA:0,(anonymous_2)
FNDA:0,(anonymous_3)
FNDA:0,(anonymous_4)
DA:1,1
DA:2,1
DA:3,1
DA:4,1
DA:6,1
DA:7,0
DA:8,0
DA:9,0
DA:10,0
DA:11,0
DA:15,0
DA:16,0
DA:23,0
DA:24,0
DA:27,0
DA:28,0
DA:29,0
DA:36,0
DA:37,0
DA:42,1
DA:43,0
DA:44,0
DA:45,0
DA:46,0
DA:47,0
DA:49,0
DA:50,0
DA:51,0
DA:53,0
DA:56,0
DA:57,0
DA:58,0
DA:65,0
DA:66,0
DA:69,1
DA:70,0
DA:71,0
DA:72,0
DA:73,0
DA:75,0
DA:76,0
DA:81,1
DA:82,0
DA:83,0
DA:84,0
DA:87,0
DA:88,0
DA:89,0
DA:91,0
LF:49
LH:8
BRDA:10,0,0,0
BRDA:10,0,1,0
BRDA:46,1,0,0
BRDA:46,1,1,0
BRDA:50,2,0,0
BRDA:50,2,1,0
BRDA:83,3,0,0
BRDA:83,3,1,0
BRDA:88,4,0,0
BRDA:88,4,1,0
BRF:10
BRH:0
end_of_record
TN:
SF:src/middlewares/errorHandler.js
FN:3,(anonymous_0)
FNF:1
FNH:1
FNDA:2,(anonymous_0)
DA:1,1
DA:3,1
DA:4,2
DA:5,2
LF:4
LH:4
BRDA:6,0,0,2
BRDA:6,0,1,0
BRF:2
BRH:1
end_of_record
TN:
SF:src/middlewares/index.js
FN:12,(anonymous_0)
FNF:1
FNH:1
FNDA:2,(anonymous_0)
DA:1,1
DA:2,1
DA:3,1
DA:4,1
DA:5,1
DA:6,1
DA:7,1
DA:8,1
DA:9,1
DA:10,1
DA:12,1
DA:13,2
DA:14,2
DA:15,2
DA:16,2
DA:17,2
DA:18,2
DA:20,2
DA:21,0
DA:36,2
LF:20
LH:19
BRDA:20,0,0,0
BRDA:20,0,1,2
BRF:2
BRH:1
end_of_record
TN:
SF:src/middlewares/morganMiddleware.js
FN:4,(anonymous_0)
FN:5,(anonymous_1)
FN:11,(anonymous_2)
FNF:3
FNH:3
FNDA:103,(anonymous_0)
FNDA:103,(anonymous_1)
FNDA:103,(anonymous_2)
DA:1,1
DA:2,1
DA:4,103
DA:5,1
DA:6,103
DA:8,103
DA:9,103
DA:11,1
DA:13,103
DA:16,1
LF:10
LH:10
BRDA:8,0,0,2
BRDA:8,0,1,101
BRF:2
BRH:2
end_of_record
TN:
SF:src/middlewares/validationMiddleware.js
FN:52,(anonymous_0)
FN:66,(anonymous_1)
FN:79,(anonymous_2)
FNF:3
FNH:0
FNDA:0,(anonymous_0)
FNDA:0,(anonymous_1)
FNDA:0,(anonymous_2)
DA:1,1
DA:2,1
DA:4,1
DA:53,0
DA:54,0
DA:55,0
DA:56,0
DA:58,0
DA:62,1
DA:67,0
DA:68,0
DA:69,0
DA:70,0
DA:72,0
DA:76,1
DA:80,0
DA:81,0
DA:82,0
DA:83,0
DA:85,0
LF:20
LH:5
BRDA:54,0,0,0
BRDA:54,0,1,0
BRDA:68,1,0,0
BRDA:68,1,1,0
BRDA:81,2,0,0
BRDA:81,2,1,0
BRF:6
BRH:0
end_of_record
TN:
SF:src/models/User.js
FN:44,(anonymous_0)
FN:47,(anonymous_1)
FNF:2
FNH:0
FNDA:0,(anonymous_0)
FNDA:0,(anonymous_1)
DA:1,1
DA:2,1
DA:3,1
DA:5,1
DA:44,1
DA:45,0
DA:46,0
DA:47,0
DA:48,0
DA:49,0
DA:50,0
DA:53,0
DA:57,1
LF:13
LH:6
BRDA:46,0,0,0
BRDA:46,0,1,0
BRDA:48,1,0,0
BRDA:48,1,1,0
BRF:4
BRH:0
end_of_record
TN:
SF:src/routes/coverLetterRoutes.js
FNF:0
FNH:0
DA:1,1
DA:2,1
DA:3,1
DA:4,1
DA:6,1
DA:11,1
DA:13,1
LF:7
LH:7
BRF:0
BRH:0
end_of_record
TN:
SF:src/routes/index.js
FN:4,(anonymous_0)
FNF:1
FNH:1
FNDA:1,(anonymous_0)
DA:1,1
DA:2,1
DA:4,1
DA:5,1
DA:6,1
LF:5
LH:5
BRF:0
BRH:0
end_of_record
TN:
SF:src/routes/userRoutes.js
FNF:0
FNH:0
DA:1,1
DA:2,1
DA:3,1
DA:4,1
DA:6,1
DA:11,1
DA:16,1
DA:17,1
DA:19,1
LF:9
LH:9
BRF:0
BRH:0
end_of_record
TN:
SF:src/services/aiService.js
FN:6,(anonymous_0)
FN:61,(anonymous_1)
FN:66,(anonymous_2)
FN:85,(anonymous_3)
FNF:4
FNH:0
FNDA:0,(anonymous_0)
FNDA:0,(anonymous_1)
FNDA:0,(anonymous_2)
FNDA:0,(anonymous_3)
DA:1,1
DA:2,1
DA:3,1
DA:4,1
DA:6,1
DA:26,0
DA:27,0
DA:28,0
DA:29,0
DA:38,0
DA:40,0
DA:59,0
DA:61,0
DA:63,0
DA:64,0
DA:66,0
DA:76,0
DA:81,0
DA:82,0
DA:85,1
DA:86,0
DA:87,0
DA:88,0
DA:89,0
DA:90,0
DA:92,0
DA:93,0
DA:99,0
DA:100,0
DA:102,0
DA:103,0
LF:31
LH:6
BRDA:89,0,0,0
BRDA:89,0,1,0
BRF:2
BRH:0
end_of_record
TN:
SF:src/utils/index.js
FN:3,splitTextDocuments
FN:9,(anonymous_1)
FN:14,extractTextFromUrl
FN:21,(anonymous_3)
FN:25,(anonymous_4)
FN:25,(anonymous_5)
FN:35,convertDraftContentStateToPlainText
FN:41,(anonymous_7)
FNF:8
FNH:0
FNDA:0,splitTextDocuments
FNDA:0,(anonymous_1)
FNDA:0,extractTextFromUrl
FNDA:0,(anonymous_3)
FNDA:0,(anonymous_4)
FNDA:0,(anonymous_5)
FNDA:0,convertDraftContentStateToPlainText
FNDA:0,(anonymous_7)
DA:1,1
DA:2,1
DA:6,0
DA:9,0
DA:11,0
DA:15,0
DA:16,0
DA:17,0
DA:18,0
DA:20,0
DA:21,0
DA:22,0
DA:25,0
DA:26,0
DA:28,0
DA:30,0
DA:31,0
DA:36,0
DA:37,0
DA:38,0
DA:40,0
DA:41,0
DA:44,0
DA:47,1
LF:24
LH:3
BRDA:36,0,0,0
BRDA:36,0,1,0
BRF:2
BRH:0
end_of_record
