TN:
SF:src/app.js
FN:18,main
FN:32,(anonymous_1)
FNF:2
FNH:0
FNDA:0,main
FNDA:0,(anonymous_1)
DA:1,1
DA:2,1
DA:3,1
DA:4,1
DA:5,1
DA:6,1
DA:7,1
DA:9,1
DA:12,1
DA:15,1
DA:19,0
DA:23,1
DA:24,0
DA:28,1
DA:30,1
DA:31,0
DA:32,0
DA:35,1
LF:18
LH:14
BRDA:23,0,0,0
BRDA:23,0,1,1
BRDA:30,1,0,0
BRDA:30,1,1,1
BRDA:31,2,0,0
BRDA:31,2,1,0
BRF:6
BRH:2
end_of_record
TN:
SF:src/config/database.js
FN:5,(anonymous_0)
FNF:1
FNH:1
FNDA:2,(anonymous_0)
DA:1,2
DA:2,2
DA:3,2
DA:5,2
DA:6,2
DA:8,2
DA:9,2
DA:10,1
DA:12,1
DA:13,1
DA:18,2
LF:11
LH:11
BRF:0
BRH:0
end_of_record
TN:
SF:src/config/index.js
FNF:0
FNH:0
DA:5,4
DA:6,4
DA:7,4
DA:8,4
DA:9,4
DA:11,4
DA:14,4
DA:26,4
LF:8
LH:8
BRDA:17,0,0,4
BRDA:17,0,1,3
BRDA:30,1,0,4
BRDA:30,1,1,0
BRF:4
BRH:3
end_of_record
TN:
SF:src/config/winston.js
FN:8,(anonymous_0)
FN:9,(anonymous_1)
FN:13,(anonymous_2)
FN:14,(anonymous_3)
FN:25,(anonymous_4)
FN:30,(anonymous_5)
FN:41,(anonymous_6)
FN:59,(anonymous_7)
FN:69,(anonymous_8)
FNF:9
FNH:9
FNDA:54,(anonymous_0)
FNDA:6,(anonymous_1)
FNDA:21,(anonymous_2)
FNDA:42,(anonymous_3)
FNDA:6,(anonymous_4)
FNDA:21,(anonymous_5)
FNDA:6,(anonymous_6)
FNDA:6,(anonymous_7)
FNDA:21,(anonymous_8)
DA:1,3
DA:2,3
DA:3,3
DA:4,3
DA:5,3
DA:6,3
DA:7,3
DA:8,54
DA:9,3
DA:10,6
DA:11,6
DA:13,3
DA:14,21
DA:15,42
DA:16,6
DA:20,3
DA:25,6
DA:27,3
DA:30,3
DA:31,21
DA:41,6
DA:45,3
DA:60,6
DA:65,3
DA:70,21
DA:88,3
DA:90,3
LF:27
LH:27
BRDA:15,0,0,6
BRDA:15,0,1,36
BRF:2
BRH:2
end_of_record
TN:
SF:src/config/env/development.js
FNF:0
FNH:0
DA:5,5
LF:1
LH:1
BRDA:6,0,0,5
BRDA:6,0,1,4
BRF:2
BRH:2
end_of_record
TN:
SF:src/config/env/production.js
FNF:0
FNH:0
DA:5,5
LF:1
LH:1
BRDA:6,0,0,5
BRDA:6,0,1,4
BRF:2
BRH:2
end_of_record
TN:
SF:src/config/env/test.js
FNF:0
FNH:0
DA:5,4
LF:1
LH:1
BRDA:6,0,0,4
BRDA:6,0,1,3
BRF:2
BRH:2
end_of_record
TN:
SF:src/controllers/coverLetterController.js
FN:3,(anonymous_0)
FN:24,(anonymous_1)
FNF:2
FNH:2
FNDA:2,(anonymous_0)
FNDA:2,(anonymous_1)
DA:1,2
DA:2,2
DA:3,2
DA:4,2
DA:5,2
DA:6,1
DA:8,1
DA:17,1
DA:18,1
DA:24,2
DA:25,2
DA:26,2
DA:27,2
DA:32,1
DA:33,0
DA:35,1
DA:37,1
DA:38,1
LF:18
LH:17
BRDA:32,0,0,0
BRDA:32,0,1,1
BRF:2
BRH:1
end_of_record
TN:
SF:src/controllers/userController.js
FN:6,(anonymous_0)
FN:42,(anonymous_1)
FN:69,(anonymous_2)
FN:83,(anonymous_3)
FN:89,(anonymous_4)
FNF:5
FNH:5
FNDA:2,(anonymous_0)
FNDA:3,(anonymous_1)
FNDA:1,(anonymous_2)
FNDA:3,(anonymous_3)
FNDA:2,(anonymous_4)
DA:1,2
DA:2,2
DA:3,2
DA:4,2
DA:6,2
DA:7,2
DA:8,2
DA:9,2
DA:10,2
DA:11,1
DA:15,1
DA:16,1
DA:23,1
DA:24,1
DA:28,1
DA:29,1
DA:36,0
DA:37,0
DA:42,2
DA:43,3
DA:44,3
DA:45,3
DA:46,3
DA:47,1
DA:49,2
DA:50,2
DA:51,1
DA:53,1
DA:57,1
DA:58,1
DA:65,0
DA:66,0
DA:69,2
DA:70,1
DA:74,1
DA:75,1
DA:77,0
DA:78,0
DA:83,2
DA:84,3
DA:85,3
DA:86,1
DA:89,2
DA:90,2
DA:91,1
DA:93,1
LF:46
LH:40
BRDA:10,0,0,1
BRDA:10,0,1,1
BRDA:46,1,0,1
BRDA:46,1,1,2
BRDA:50,2,0,1
BRDA:50,2,1,1
BRDA:85,3,0,1
BRDA:85,3,1,2
BRDA:90,4,0,1
BRDA:90,4,1,1
BRF:10
BRH:10
end_of_record
TN:
SF:src/middlewares/errorHandler.js
FN:3,(anonymous_0)
FNF:1
FNH:1
FNDA:2,(anonymous_0)
DA:1,2
DA:3,2
DA:4,2
DA:5,2
LF:4
LH:4
BRDA:6,0,0,2
BRDA:6,0,1,0
BRF:2
BRH:1
end_of_record
TN:
SF:src/middlewares/index.js
FN:12,(anonymous_0)
FNF:1
FNH:1
FNDA:1,(anonymous_0)
DA:1,1
DA:2,1
DA:3,1
DA:4,1
DA:8,1
DA:9,1
DA:10,1
DA:12,1
DA:13,1
DA:14,1
DA:15,1
DA:16,1
DA:17,1
DA:18,1
DA:36,1
LF:15
LH:15
BRF:0
BRH:0
end_of_record
TN:
SF:src/middlewares/morganMiddleware.js
FN:4,(anonymous_0)
FN:5,(anonymous_1)
FN:11,(anonymous_2)
FNF:3
FNH:3
FNDA:103,(anonymous_0)
FNDA:103,(anonymous_1)
FNDA:103,(anonymous_2)
DA:1,1
DA:2,1
DA:4,103
DA:5,1
DA:6,103
DA:8,103
DA:9,103
DA:11,1
DA:13,103
DA:16,1
LF:10
LH:10
BRDA:8,0,0,3
BRDA:8,0,1,100
BRF:2
BRH:2
end_of_record
TN:
SF:src/middlewares/validationMiddleware.js
FN:52,(anonymous_0)
FN:66,(anonymous_1)
FN:82,(anonymous_2)
FNF:3
FNH:3
FNDA:2,(anonymous_0)
FNDA:3,(anonymous_1)
FNDA:3,(anonymous_2)
DA:1,2
DA:2,2
DA:4,2
DA:53,2
DA:54,2
DA:55,1
DA:56,1
DA:58,1
DA:62,2
DA:70,3
DA:71,3
DA:72,3
DA:73,3
DA:75,0
DA:79,2
DA:86,3
DA:87,3
DA:88,2
DA:89,2
DA:91,1
LF:20
LH:19
BRDA:54,0,0,1
BRDA:54,0,1,1
BRDA:71,1,0,3
BRDA:71,1,1,0
BRDA:87,2,0,2
BRDA:87,2,1,1
BRF:6
BRH:5
end_of_record
TN:
SF:src/models/User.js
FN:46,(anonymous_0)
FN:49,(anonymous_1)
FNF:2
FNH:0
FNDA:0,(anonymous_0)
FNDA:0,(anonymous_1)
DA:1,3
DA:2,3
DA:4,3
DA:20,3
DA:46,3
DA:47,0
DA:48,0
DA:49,0
DA:50,0
DA:51,0
DA:53,0
DA:54,0
DA:57,0
DA:61,3
DA:62,3
LF:15
LH:7
BRDA:48,0,0,0
BRDA:48,0,1,0
BRDA:50,1,0,0
BRDA:50,1,1,0
BRF:4
BRH:0
end_of_record
TN:
SF:src/routes/coverLetterRoutes.js
FNF:0
FNH:0
DA:1,2
DA:2,2
DA:3,2
DA:4,2
DA:6,2
DA:11,2
DA:13,2
LF:7
LH:7
BRF:0
BRH:0
end_of_record
TN:
SF:src/routes/index.js
FN:4,(anonymous_0)
FNF:1
FNH:1
FNDA:3,(anonymous_0)
DA:1,2
DA:2,2
DA:4,2
DA:5,3
DA:6,3
LF:5
LH:5
BRF:0
BRH:0
end_of_record
TN:
SF:src/routes/userRoutes.js
FNF:0
FNH:0
DA:1,2
DA:2,2
DA:3,2
DA:4,2
DA:6,2
DA:11,2
DA:16,2
DA:17,2
DA:19,2
LF:9
LH:9
BRF:0
BRH:0
end_of_record
TN:
SF:src/services/aiService.js
FN:6,(anonymous_0)
FN:61,(anonymous_1)
FN:66,(anonymous_2)
FN:85,(anonymous_3)
FNF:4
FNH:3
FNDA:2,(anonymous_0)
FNDA:0,(anonymous_1)
FNDA:1,(anonymous_2)
FNDA:3,(anonymous_3)
DA:1,2
DA:2,2
DA:3,2
DA:4,2
DA:6,2
DA:26,2
DA:27,2
DA:28,2
DA:29,2
DA:38,1
DA:40,1
DA:59,1
DA:61,0
DA:63,1
DA:64,1
DA:66,1
DA:76,1
DA:81,1
DA:82,1
DA:85,2
DA:86,3
DA:87,3
DA:88,3
DA:89,2
DA:90,1
DA:92,1
DA:93,1
DA:99,1
DA:100,1
DA:102,2
DA:103,2
LF:31
LH:30
BRDA:89,0,0,1
BRDA:89,0,1,1
BRF:2
BRH:2
end_of_record
TN:
SF:src/utils/index.js
FN:4,splitTextDocuments
FN:10,(anonymous_1)
FN:15,extractTextFromUrl
FN:22,(anonymous_3)
FN:26,(anonymous_4)
FN:26,(anonymous_5)
FN:35,convertDraftContentStateToPlainText
FN:41,(anonymous_7)
FNF:8
FNH:8
FNDA:3,splitTextDocuments
FNDA:5,(anonymous_1)
FNDA:2,extractTextFromUrl
FNDA:2,(anonymous_3)
FNDA:2,(anonymous_4)
FNDA:2,(anonymous_5)
FNDA:2,convertDraftContentStateToPlainText
FNDA:2,(anonymous_7)
DA:1,3
DA:2,3
DA:3,3
DA:7,3
DA:10,5
DA:12,3
DA:16,2
DA:17,2
DA:18,1
DA:19,1
DA:21,1
DA:22,1
DA:23,2
DA:26,2
DA:27,1
DA:28,1
DA:30,1
DA:31,1
DA:36,2
DA:37,1
DA:38,1
DA:40,1
DA:41,2
DA:44,1
DA:47,3
LF:25
LH:25
BRDA:36,0,0,1
BRDA:36,0,1,1
BRF:2
BRH:2
end_of_record
